Analysis & Synthesis report for project4Top
Fri Nov 30 23:45:45 2018
Quartus Prime Version 17.0.0 Build 595 04/25/2017 SJ Lite Edition


---------------------
; Table of Contents ;
---------------------
  1. Legal Notice
  2. Analysis & Synthesis Summary
  3. Analysis & Synthesis Settings
  4. Parallel Compilation
  5. Analysis & Synthesis Source Files Read
  6. Analysis & Synthesis Resource Usage Summary
  7. Analysis & Synthesis Resource Utilization by Entity
  8. State Machine - |project4Top|primaryControl:PC|s
  9. State Machine - |project4Top|primaryControl:PC|clockface:CF|s
 10. State Machine - |project4Top|primaryControl:PC|clockface:CF|clockface_setup:CFS|s
 11. State Machine - |project4Top|primaryControl:PC|countdown:CD|s
 12. State Machine - |project4Top|primaryControl:PC|countdown:CD|countdown_setup:CDS|s
 13. State Machine - |project4Top|keypressed:K3|key_state
 14. State Machine - |project4Top|keypressed:K2|key_state
 15. State Machine - |project4Top|keypressed:K1|key_state
 16. Registers Removed During Synthesis
 17. Removed Registers Triggering Further Register Optimizations
 18. General Register Statistics
 19. Multiplexer Restructuring Statistics (Restructuring Performed)
 20. Parameter Settings for User Entity Instance: keypressed:K1
 21. Parameter Settings for User Entity Instance: keypressed:K2
 22. Parameter Settings for User Entity Instance: keypressed:K3
 23. Parameter Settings for User Entity Instance: primaryControl:PC
 24. Parameter Settings for User Entity Instance: primaryControl:PC|countdown:CD
 25. Parameter Settings for User Entity Instance: primaryControl:PC|countdown:CD|countdown_setup:CDS
 26. Parameter Settings for User Entity Instance: primaryControl:PC|clockface:CF
 27. Parameter Settings for User Entity Instance: primaryControl:PC|clockface:CF|clockface_setup:CFS
 28. Post-Synthesis Netlist Statistics for Top Partition
 29. Elapsed Time Per Partition
 30. Analysis & Synthesis Messages
 31. Analysis & Synthesis Suppressed Messages



----------------
; Legal Notice ;
----------------
Copyright (C) 2017  Intel Corporation. All rights reserved.
Your use of Intel Corporation's design tools, logic functions 
and other software and tools, and its AMPP partner logic 
functions, and any output files from any of the foregoing 
(including device programming or simulation files), and any 
associated documentation or information are expressly subject 
to the terms and conditions of the Intel Program License 
Subscription Agreement, the Intel Quartus Prime License Agreement,
the Intel MegaCore Function License Agreement, or other 
applicable license agreement, including, without limitation, 
that your use is for the sole purpose of programming logic 
devices manufactured by Intel and sold by Intel or its 
authorized distributors.  Please refer to the applicable 
agreement for further details.



+-------------------------------------------------------------------------------+
; Analysis & Synthesis Summary                                                  ;
+---------------------------------+---------------------------------------------+
; Analysis & Synthesis Status     ; Successful - Fri Nov 30 23:45:45 2018       ;
; Quartus Prime Version           ; 17.0.0 Build 595 04/25/2017 SJ Lite Edition ;
; Revision Name                   ; project4Top                                 ;
; Top-level Entity Name           ; project4Top                                 ;
; Family                          ; Cyclone V                                   ;
; Logic utilization (in ALMs)     ; N/A                                         ;
; Total registers                 ; 80                                          ;
; Total pins                      ; 67                                          ;
; Total virtual pins              ; 0                                           ;
; Total block memory bits         ; 0                                           ;
; Total DSP Blocks                ; 0                                           ;
; Total HSSI RX PCSs              ; 0                                           ;
; Total HSSI PMA RX Deserializers ; 0                                           ;
; Total HSSI TX PCSs              ; 0                                           ;
; Total HSSI PMA TX Serializers   ; 0                                           ;
; Total PLLs                      ; 0                                           ;
; Total DLLs                      ; 0                                           ;
+---------------------------------+---------------------------------------------+


+---------------------------------------------------------------------------------------------------------------------------+
; Analysis & Synthesis Settings                                                                                             ;
+---------------------------------------------------------------------------------+--------------------+--------------------+
; Option                                                                          ; Setting            ; Default Value      ;
+---------------------------------------------------------------------------------+--------------------+--------------------+
; Device                                                                          ; 5CSEMA5F31C6       ;                    ;
; Top-level entity name                                                           ; project4Top        ; project4Top        ;
; Family name                                                                     ; Cyclone V          ; Cyclone V          ;
; Use smart compilation                                                           ; Off                ; Off                ;
; Enable parallel Assembler and TimeQuest Timing Analyzer during compilation      ; On                 ; On                 ;
; Enable compact report table                                                     ; Off                ; Off                ;
; Restructure Multiplexers                                                        ; Auto               ; Auto               ;
; MLAB Add Timing Constraints For Mixed-Port Feed-Through Mode Setting Don't Care ; Off                ; Off                ;
; Create Debugging Nodes for IP Cores                                             ; Off                ; Off                ;
; Preserve fewer node names                                                       ; On                 ; On                 ;
; OpenCore Plus hardware evaluation                                               ; Enable             ; Enable             ;
; Verilog Version                                                                 ; Verilog_2001       ; Verilog_2001       ;
; VHDL Version                                                                    ; VHDL_1993          ; VHDL_1993          ;
; State Machine Processing                                                        ; Auto               ; Auto               ;
; Safe State Machine                                                              ; Off                ; Off                ;
; Extract Verilog State Machines                                                  ; On                 ; On                 ;
; Extract VHDL State Machines                                                     ; On                 ; On                 ;
; Ignore Verilog initial constructs                                               ; Off                ; Off                ;
; Iteration limit for constant Verilog loops                                      ; 5000               ; 5000               ;
; Iteration limit for non-constant Verilog loops                                  ; 250                ; 250                ;
; Add Pass-Through Logic to Inferred RAMs                                         ; On                 ; On                 ;
; Infer RAMs from Raw Logic                                                       ; On                 ; On                 ;
; Parallel Synthesis                                                              ; On                 ; On                 ;
; DSP Block Balancing                                                             ; Auto               ; Auto               ;
; NOT Gate Push-Back                                                              ; On                 ; On                 ;
; Power-Up Don't Care                                                             ; On                 ; On                 ;
; Remove Redundant Logic Cells                                                    ; Off                ; Off                ;
; Remove Duplicate Registers                                                      ; On                 ; On                 ;
; Ignore CARRY Buffers                                                            ; Off                ; Off                ;
; Ignore CASCADE Buffers                                                          ; Off                ; Off                ;
; Ignore GLOBAL Buffers                                                           ; Off                ; Off                ;
; Ignore ROW GLOBAL Buffers                                                       ; Off                ; Off                ;
; Ignore LCELL Buffers                                                            ; Off                ; Off                ;
; Ignore SOFT Buffers                                                             ; On                 ; On                 ;
; Limit AHDL Integers to 32 Bits                                                  ; Off                ; Off                ;
; Optimization Technique                                                          ; Balanced           ; Balanced           ;
; Carry Chain Length                                                              ; 70                 ; 70                 ;
; Auto Carry Chains                                                               ; On                 ; On                 ;
; Auto Open-Drain Pins                                                            ; On                 ; On                 ;
; Perform WYSIWYG Primitive Resynthesis                                           ; Off                ; Off                ;
; Auto ROM Replacement                                                            ; On                 ; On                 ;
; Auto RAM Replacement                                                            ; On                 ; On                 ;
; Auto DSP Block Replacement                                                      ; On                 ; On                 ;
; Auto Shift Register Replacement                                                 ; Auto               ; Auto               ;
; Allow Shift Register Merging across Hierarchies                                 ; Auto               ; Auto               ;
; Auto Clock Enable Replacement                                                   ; On                 ; On                 ;
; Strict RAM Replacement                                                          ; Off                ; Off                ;
; Allow Synchronous Control Signals                                               ; On                 ; On                 ;
; Force Use of Synchronous Clear Signals                                          ; Off                ; Off                ;
; Auto Resource Sharing                                                           ; Off                ; Off                ;
; Allow Any RAM Size For Recognition                                              ; Off                ; Off                ;
; Allow Any ROM Size For Recognition                                              ; Off                ; Off                ;
; Allow Any Shift Register Size For Recognition                                   ; Off                ; Off                ;
; Use LogicLock Constraints during Resource Balancing                             ; On                 ; On                 ;
; Ignore translate_off and synthesis_off directives                               ; Off                ; Off                ;
; Timing-Driven Synthesis                                                         ; On                 ; On                 ;
; Report Parameter Settings                                                       ; On                 ; On                 ;
; Report Source Assignments                                                       ; On                 ; On                 ;
; Report Connectivity Checks                                                      ; On                 ; On                 ;
; Ignore Maximum Fan-Out Assignments                                              ; Off                ; Off                ;
; Synchronization Register Chain Length                                           ; 3                  ; 3                  ;
; PowerPlay Power Optimization During Synthesis                                   ; Normal compilation ; Normal compilation ;
; HDL message level                                                               ; Level2             ; Level2             ;
; Suppress Register Optimization Related Messages                                 ; Off                ; Off                ;
; Number of Removed Registers Reported in Synthesis Report                        ; 5000               ; 5000               ;
; Number of Swept Nodes Reported in Synthesis Report                              ; 5000               ; 5000               ;
; Number of Inverted Registers Reported in Synthesis Report                       ; 100                ; 100                ;
; Clock MUX Protection                                                            ; On                 ; On                 ;
; Auto Gated Clock Conversion                                                     ; Off                ; Off                ;
; Block Design Naming                                                             ; Auto               ; Auto               ;
; SDC constraint protection                                                       ; Off                ; Off                ;
; Synthesis Effort                                                                ; Auto               ; Auto               ;
; Shift Register Replacement - Allow Asynchronous Clear Signal                    ; On                 ; On                 ;
; Pre-Mapping Resynthesis Optimization                                            ; Off                ; Off                ;
; Analysis & Synthesis Message Level                                              ; Medium             ; Medium             ;
; Disable Register Merging Across Hierarchies                                     ; Auto               ; Auto               ;
; Resource Aware Inference For Block RAM                                          ; On                 ; On                 ;
; Automatic Parallel Synthesis                                                    ; On                 ; On                 ;
; Partial Reconfiguration Bitstream ID                                            ; Off                ; Off                ;
+---------------------------------------------------------------------------------+--------------------+--------------------+


+------------------------------------------+
; Parallel Compilation                     ;
+----------------------------+-------------+
; Processors                 ; Number      ;
+----------------------------+-------------+
; Number detected on machine ; 8           ;
; Maximum allowed            ; 4           ;
;                            ;             ;
; Average used               ; 1.00        ;
; Maximum used               ; 4           ;
;                            ;             ;
; Usage by Processor         ; % Time Used ;
;     Processor 1            ; 100.0%      ;
;     Processors 2-4         ;   0.0%      ;
+----------------------------+-------------+


+------------------------------------------------------------------------------------------------------------------------------------------+
; Analysis & Synthesis Source Files Read                                                                                                   ;
+----------------------------------+-----------------+------------------------+--------------------------------------------------+---------+
; File Name with User-Entered Path ; Used in Netlist ; File Type              ; File Name with Absolute Path                     ; Library ;
+----------------------------------+-----------------+------------------------+--------------------------------------------------+---------+
; proc7segdecoder.v                ; yes             ; User Verilog HDL File  ; D:/GitHub/ECE3544/Project04/P4/proc7segdecoder.v ;         ;
; primaryControl.v                 ; yes             ; User Verilog HDL File  ; D:/GitHub/ECE3544/Project04/P4/primaryControl.v  ;         ;
; keypressed.v                     ; yes             ; User Verilog HDL File  ; D:/GitHub/ECE3544/Project04/P4/keypressed.v      ;         ;
; countdown_setup.v                ; yes             ; User Verilog HDL File  ; D:/GitHub/ECE3544/Project04/P4/countdown_setup.v ;         ;
; countdown.v                      ; yes             ; User Verilog HDL File  ; D:/GitHub/ECE3544/Project04/P4/countdown.v       ;         ;
; clockface_setup.v                ; yes             ; User Verilog HDL File  ; D:/GitHub/ECE3544/Project04/P4/clockface_setup.v ;         ;
; clockface.v                      ; yes             ; User Verilog HDL File  ; D:/GitHub/ECE3544/Project04/P4/clockface.v       ;         ;
; project4Top.v                    ; yes             ; User Verilog HDL File  ; D:/GitHub/ECE3544/Project04/P4/project4Top.v     ;         ;
+----------------------------------+-----------------+------------------------+--------------------------------------------------+---------+


+--------------------------------------------------------------+
; Analysis & Synthesis Resource Usage Summary                  ;
+---------------------------------------------+----------------+
; Resource                                    ; Usage          ;
+---------------------------------------------+----------------+
; Estimate of Logic utilization (ALMs needed) ; 82             ;
;                                             ;                ;
; Combinational ALUT usage for logic          ; 138            ;
;     -- 7 input functions                    ; 0              ;
;     -- 6 input functions                    ; 24             ;
;     -- 5 input functions                    ; 15             ;
;     -- 4 input functions                    ; 29             ;
;     -- <=3 input functions                  ; 70             ;
;                                             ;                ;
; Dedicated logic registers                   ; 80             ;
;                                             ;                ;
; I/O pins                                    ; 67             ;
;                                             ;                ;
; Total DSP Blocks                            ; 0              ;
;                                             ;                ;
; Maximum fan-out node                        ; CLOCK_50~input ;
; Maximum fan-out                             ; 80             ;
; Total fan-out                               ; 844            ;
; Average fan-out                             ; 2.40           ;
+---------------------------------------------+----------------+


+--------------------------------------------------------------------------------------------------------------------------------------------------------------------------------------------------------------------------------------------+
; Analysis & Synthesis Resource Utilization by Entity                                                                                                                                                                                        ;
+--------------------------------+---------------------+---------------------------+-------------------+------------+------+--------------+-----------------------------------------------------------------+-----------------+--------------+
; Compilation Hierarchy Node     ; Combinational ALUTs ; Dedicated Logic Registers ; Block Memory Bits ; DSP Blocks ; Pins ; Virtual Pins ; Full Hierarchy Name                                             ; Entity Name     ; Library Name ;
+--------------------------------+---------------------+---------------------------+-------------------+------------+------+--------------+-----------------------------------------------------------------+-----------------+--------------+
; |project4Top                   ; 138 (36)            ; 80 (26)                   ; 0                 ; 0          ; 67   ; 0            ; |project4Top                                                    ; project4Top     ; work         ;
;    |keypressed:K1|             ; 3 (3)               ; 3 (3)                     ; 0                 ; 0          ; 0    ; 0            ; |project4Top|keypressed:K1                                      ; keypressed      ; work         ;
;    |keypressed:K2|             ; 3 (3)               ; 3 (3)                     ; 0                 ; 0          ; 0    ; 0            ; |project4Top|keypressed:K2                                      ; keypressed      ; work         ;
;    |keypressed:K3|             ; 3 (3)               ; 3 (3)                     ; 0                 ; 0          ; 0    ; 0            ; |project4Top|keypressed:K3                                      ; keypressed      ; work         ;
;    |primaryControl:PC|         ; 54 (15)             ; 45 (15)                   ; 0                 ; 0          ; 0    ; 0            ; |project4Top|primaryControl:PC                                  ; primaryControl  ; work         ;
;       |clockface:CF|           ; 19 (15)             ; 13 (9)                    ; 0                 ; 0          ; 0    ; 0            ; |project4Top|primaryControl:PC|clockface:CF                     ; clockface       ; work         ;
;          |clockface_setup:CFS| ; 4 (4)               ; 4 (4)                     ; 0                 ; 0          ; 0    ; 0            ; |project4Top|primaryControl:PC|clockface:CF|clockface_setup:CFS ; clockface_setup ; work         ;
;       |countdown:CD|           ; 20 (17)             ; 17 (15)                   ; 0                 ; 0          ; 0    ; 0            ; |project4Top|primaryControl:PC|countdown:CD                     ; countdown       ; work         ;
;          |countdown_setup:CDS| ; 3 (3)               ; 2 (2)                     ; 0                 ; 0          ; 0    ; 0            ; |project4Top|primaryControl:PC|countdown:CD|countdown_setup:CDS ; countdown_setup ; work         ;
;    |proc7segdecoder:H0_dec|    ; 14 (14)             ; 0 (0)                     ; 0                 ; 0          ; 0    ; 0            ; |project4Top|proc7segdecoder:H0_dec                             ; proc7segdecoder ; work         ;
;    |proc7segdecoder:H1_dec|    ; 11 (11)             ; 0 (0)                     ; 0                 ; 0          ; 0    ; 0            ; |project4Top|proc7segdecoder:H1_dec                             ; proc7segdecoder ; work         ;
;    |proc7segdecoder:M0_dec|    ; 4 (4)               ; 0 (0)                     ; 0                 ; 0          ; 0    ; 0            ; |project4Top|proc7segdecoder:M0_dec                             ; proc7segdecoder ; work         ;
;    |proc7segdecoder:M1_dec|    ; 7 (7)               ; 0 (0)                     ; 0                 ; 0          ; 0    ; 0            ; |project4Top|proc7segdecoder:M1_dec                             ; proc7segdecoder ; work         ;
;    |proc7segdecoder:S0_dec|    ; 3 (3)               ; 0 (0)                     ; 0                 ; 0          ; 0    ; 0            ; |project4Top|proc7segdecoder:S0_dec                             ; proc7segdecoder ; work         ;
+--------------------------------+---------------------+---------------------------+-------------------+------------+------+--------------+-----------------------------------------------------------------+-----------------+--------------+
Note: For table entries with two numbers listed, the numbers in parentheses indicate the number of resources of the given type used by the specific entity alone. The numbers listed outside of parentheses indicate the total resources of the given type used by the specific entity and all of its sub-entities in the hierarchy.


Encoding Type:  One-Hot
+--------------------------------------------------+
; State Machine - |project4Top|primaryControl:PC|s ;
+-------------+--------+-------------+-------------+
; Name        ; s.INIT ; s.COUNTDOWN ; s.CLOCKFACE ;
+-------------+--------+-------------+-------------+
; s.INIT      ; 0      ; 0           ; 0           ;
; s.CLOCKFACE ; 1      ; 0           ; 1           ;
; s.COUNTDOWN ; 1      ; 1           ; 0           ;
+-------------+--------+-------------+-------------+


Encoding Type:  One-Hot
+---------------------------------------------------------------+
; State Machine - |project4Top|primaryControl:PC|clockface:CF|s ;
+--------------+--------------+------------+--------------------+
; Name         ; s.DEFAULT_CF ; s.SETUP_CF ; s.RUN_CF           ;
+--------------+--------------+------------+--------------------+
; s.DEFAULT_CF ; 0            ; 0          ; 0                  ;
; s.RUN_CF     ; 1            ; 0          ; 1                  ;
; s.SETUP_CF   ; 1            ; 1          ; 0                  ;
+--------------+--------------+------------+--------------------+


Encoding Type:  One-Hot
+-----------------------------------------------------------------------------------+
; State Machine - |project4Top|primaryControl:PC|clockface:CF|clockface_setup:CFS|s ;
+---------------+------------+-----------+-----------+------------------------------+
; Name          ; s.HOUR_CFS ; s.MIN_CFS ; s.SEC_CFS ; s.DEFAULT_CFS                ;
+---------------+------------+-----------+-----------+------------------------------+
; s.DEFAULT_CFS ; 0          ; 0         ; 0         ; 0                            ;
; s.SEC_CFS     ; 0          ; 0         ; 1         ; 1                            ;
; s.MIN_CFS     ; 0          ; 1         ; 0         ; 1                            ;
; s.HOUR_CFS    ; 1          ; 0         ; 0         ; 1                            ;
+---------------+------------+-----------+-----------+------------------------------+


Encoding Type:  One-Hot
+-------------------------------------------------------------------------------------------+
; State Machine - |project4Top|primaryControl:PC|countdown:CD|s                             ;
+--------------+------------+----------+-----------+------------+------------+--------------+
; Name         ; s.ALARM_CD ; s.RUN_CD ; s.WAIT_CD ; s.START_CD ; s.SETUP_CD ; s.DEFAULT_CD ;
+--------------+------------+----------+-----------+------------+------------+--------------+
; s.DEFAULT_CD ; 0          ; 0        ; 0         ; 0          ; 0          ; 0            ;
; s.SETUP_CD   ; 0          ; 0        ; 0         ; 0          ; 1          ; 1            ;
; s.START_CD   ; 0          ; 0        ; 0         ; 1          ; 0          ; 1            ;
; s.WAIT_CD    ; 0          ; 0        ; 1         ; 0          ; 0          ; 1            ;
; s.RUN_CD     ; 0          ; 1        ; 0         ; 0          ; 0          ; 1            ;
; s.ALARM_CD   ; 1          ; 0        ; 0         ; 0          ; 0          ; 1            ;
+--------------+------------+----------+-----------+------------+------------+--------------+


Encoding Type:  One-Hot
+-----------------------------------------------------------------------------------+
; State Machine - |project4Top|primaryControl:PC|countdown:CD|countdown_setup:CDS|s ;
+---------------+---------------+-----------+---------------------------------------+
; Name          ; s.DEFAULT_CDS ; s.MIN_CDS ; s.HOUR_CDS                            ;
+---------------+---------------+-----------+---------------------------------------+
; s.DEFAULT_CDS ; 0             ; 0         ; 0                                     ;
; s.HOUR_CDS    ; 1             ; 0         ; 1                                     ;
; s.MIN_CDS     ; 1             ; 1         ; 0                                     ;
+---------------+---------------+-----------+---------------------------------------+


Encoding Type:  One-Hot
+----------------------------------------------------------------------------------------------+
; State Machine - |project4Top|keypressed:K3|key_state                                         ;
+------------------------+--------------------+------------------------+-----------------------+
; Name                   ; key_state.KEY_FREE ; key_state.KEY_RELEASED ; key_state.KEY_PRESSED ;
+------------------------+--------------------+------------------------+-----------------------+
; key_state.KEY_FREE     ; 0                  ; 0                      ; 0                     ;
; key_state.KEY_PRESSED  ; 1                  ; 0                      ; 1                     ;
; key_state.KEY_RELEASED ; 1                  ; 1                      ; 0                     ;
+------------------------+--------------------+------------------------+-----------------------+


Encoding Type:  One-Hot
+----------------------------------------------------------------------------------------------+
; State Machine - |project4Top|keypressed:K2|key_state                                         ;
+------------------------+--------------------+------------------------+-----------------------+
; Name                   ; key_state.KEY_FREE ; key_state.KEY_RELEASED ; key_state.KEY_PRESSED ;
+------------------------+--------------------+------------------------+-----------------------+
; key_state.KEY_FREE     ; 0                  ; 0                      ; 0                     ;
; key_state.KEY_PRESSED  ; 1                  ; 0                      ; 1                     ;
; key_state.KEY_RELEASED ; 1                  ; 1                      ; 0                     ;
+------------------------+--------------------+------------------------+-----------------------+


Encoding Type:  One-Hot
+----------------------------------------------------------------------------------------------+
; State Machine - |project4Top|keypressed:K1|key_state                                         ;
+------------------------+--------------------+------------------------+-----------------------+
; Name                   ; key_state.KEY_FREE ; key_state.KEY_RELEASED ; key_state.KEY_PRESSED ;
+------------------------+--------------------+------------------------+-----------------------+
; key_state.KEY_FREE     ; 0                  ; 0                      ; 0                     ;
; key_state.KEY_PRESSED  ; 1                  ; 0                      ; 1                     ;
; key_state.KEY_RELEASED ; 1                  ; 1                      ; 0                     ;
+------------------------+--------------------+------------------------+-----------------------+


+----------------------------------------------------------------------------------------------------------------------------+
; Registers Removed During Synthesis                                                                                         ;
+------------------------------------------------------------------+---------------------------------------------------------+
; Register name                                                    ; Reason for Removal                                      ;
+------------------------------------------------------------------+---------------------------------------------------------+
; primaryControl:PC|countdown:CD|S0[0..3]                          ; Stuck at GND due to stuck port data_in                  ;
; primaryControl:PC|countdown:CD|S1[0..3]                          ; Stuck at GND due to stuck port data_in                  ;
; primaryControl:PC|countdown:CD|S0_a[0]                           ; Stuck at VCC due to stuck port data_in                  ;
; primaryControl:PC|countdown:CD|S0_a[1,2]                         ; Stuck at GND due to stuck port data_in                  ;
; primaryControl:PC|countdown:CD|S0_a[3]                           ; Stuck at VCC due to stuck port data_in                  ;
; primaryControl:PC|countdown:CD|S0_o[1,2]                         ; Stuck at GND due to stuck port data_in                  ;
; primaryControl:PC|clockface:CF|S0[0,1,3]                         ; Merged with primaryControl:PC|clockface:CF|S0[2]        ;
; primaryControl:PC|countdown:CD|S0_o[3]                           ; Merged with primaryControl:PC|countdown:CD|S0_o[0]      ;
; primaryControl:PC|countdown:CD|M0[1..3]                          ; Merged with primaryControl:PC|countdown:CD|M0[0]        ;
; primaryControl:PC|S0[3]                                          ; Merged with primaryControl:PC|S0[0]                     ;
; primaryControl:PC|countdown:CD|S1_a[2]                           ; Merged with primaryControl:PC|countdown:CD|S1_a[0]      ;
; primaryControl:PC|countdown:CD|S1_a[3]                           ; Merged with primaryControl:PC|countdown:CD|S1_a[1]      ;
; primaryControl:PC|clockface:CF|S0[2]                             ; Stuck at GND due to stuck port data_in                  ;
; primaryControl:PC|countdown:CD|M0[0]                             ; Stuck at GND due to stuck port data_in                  ;
; primaryControl:PC|countdown:CD|S1_a[0]                           ; Stuck at VCC due to stuck port data_in                  ;
; primaryControl:PC|countdown:CD|S1_a[1]                           ; Stuck at GND due to stuck port data_in                  ;
; primaryControl:PC|S0[1]                                          ; Stuck at GND due to stuck port data_in                  ;
; primaryControl:PC|countdown:CD|S1_o[1,3]                         ; Stuck at GND due to stuck port data_in                  ;
; primaryControl:PC|countdown:CD|M1[0..3]                          ; Stuck at GND due to stuck port data_in                  ;
; primaryControl:PC|clockface:CF|S1[1..3]                          ; Merged with primaryControl:PC|clockface:CF|S1[0]        ;
; primaryControl:PC|countdown:CD|S1_o[0,2]                         ; Merged with primaryControl:PC|countdown:CD|S0_o[0]      ;
; primaryControl:PC|countdown:CD|M0_a[3]                           ; Merged with primaryControl:PC|countdown:CD|M0_a[0]      ;
; primaryControl:PC|countdown:CD|M0_a[2]                           ; Merged with primaryControl:PC|countdown:CD|M0_a[1]      ;
; primaryControl:PC|countdown:CD|M0_a[0]                           ; Stuck at VCC due to stuck port data_in                  ;
; primaryControl:PC|countdown:CD|M0_a[1]                           ; Stuck at GND due to stuck port data_in                  ;
; primaryControl:PC|countdown:CD|M0_o[1,2]                         ; Stuck at GND due to stuck port data_in                  ;
; primaryControl:PC|S1[2]                                          ; Merged with primaryControl:PC|S1[0]                     ;
; primaryControl:PC|countdown:CD|M1_a[1]                           ; Merged with primaryControl:PC|countdown:CD|M1_a[3]      ;
; primaryControl:PC|countdown:CD|M1_a[0]                           ; Merged with primaryControl:PC|countdown:CD|M1_a[2]      ;
; primaryControl:PC|countdown:CD|M0_o[0,3]                         ; Merged with primaryControl:PC|countdown:CD|S0_o[0]      ;
; primaryControl:PC|countdown:CD|M1_a[3]                           ; Stuck at GND due to stuck port data_in                  ;
; primaryControl:PC|countdown:CD|M1_a[2]                           ; Stuck at VCC due to stuck port data_in                  ;
; primaryControl:PC|countdown:CD|M1_o[1,3]                         ; Stuck at GND due to stuck port data_in                  ;
; primaryControl:PC|countdown:CD|H0_a[0..3]                        ; Stuck at GND due to stuck port data_in                  ;
; primaryControl:PC|clockface:CF|S1[0]                             ; Stuck at GND due to stuck port data_in                  ;
; primaryControl:PC|S1[1,3]                                        ; Stuck at GND due to stuck port data_in                  ;
; primaryControl:PC|clockface:CF|M0[0..3]                          ; Stuck at GND due to stuck port data_in                  ;
; primaryControl:PC|clockface:CF|M1[1..3]                          ; Stuck at GND due to stuck port data_in                  ;
; primaryControl:PC|M1[1]                                          ; Stuck at GND due to stuck port data_in                  ;
; primaryControl:PC|clockface:CF|M1[0]                             ; Stuck at GND due to stuck port data_in                  ;
; primaryControl:PC|S0[2]                                          ; Merged with primaryControl:PC|M1[3]                     ;
; primaryControl:PC|M0[1,2]                                        ; Merged with primaryControl:PC|M1[3]                     ;
; primaryControl:PC|S0[0]                                          ; Merged with primaryControl:PC|M0[0]                     ;
; primaryControl:PC|M0[3]                                          ; Merged with primaryControl:PC|M0[0]                     ;
; primaryControl:PC|countdown:CD|M1_o[0,2]                         ; Merged with primaryControl:PC|countdown:CD|S0_o[0]      ;
; primaryControl:PC|S1[0]                                          ; Merged with primaryControl:PC|M1[0]                     ;
; primaryControl:PC|M0[0]                                          ; Merged with primaryControl:PC|M1[2]                     ;
; primaryControl:PC|clockface:CF|clockface_setup:CFS|s~3           ; Lost fanout                                             ;
; primaryControl:PC|clockface:CF|clockface_setup:CFS|s~4           ; Lost fanout                                             ;
; primaryControl:PC|countdown:CD|s~4                               ; Lost fanout                                             ;
; primaryControl:PC|countdown:CD|s~5                               ; Lost fanout                                             ;
; primaryControl:PC|countdown:CD|s~6                               ; Lost fanout                                             ;
; primaryControl:PC|countdown:CD|countdown_setup:CDS|s.DEFAULT_CDS ; Lost fanout                                             ;
; primaryControl:PC|H1[3]                                          ; Merged with primaryControl:PC|H1[1]                     ;
; primaryControl:PC|clockface:CF|H1[2,3]                           ; Merged with primaryControl:PC|clockface:CF|H1[1]        ;
; primaryControl:PC|s.INIT                                         ; Merged with primaryControl:PC|clockface:CF|s.DEFAULT_CF ;
; primaryControl:PC|clockface:CF|H0[1,2]                           ; Merged with primaryControl:PC|clockface:CF|H0[0]        ;
; Total Number of Removed Registers = 92                           ;                                                         ;
+------------------------------------------------------------------+---------------------------------------------------------+


+------------------------------------------------------------------------------------------------------------------------------------------------------+
; Removed Registers Triggering Further Register Optimizations                                                                                          ;
+----------------------------------------+---------------------------+---------------------------------------------------------------------------------+
; Register name                          ; Reason for Removal        ; Registers Removed due to This Register                                          ;
+----------------------------------------+---------------------------+---------------------------------------------------------------------------------+
; primaryControl:PC|clockface:CF|S0[2]   ; Stuck at GND              ; primaryControl:PC|clockface:CF|S1[0], primaryControl:PC|clockface:CF|M0[3],     ;
;                                        ; due to stuck port data_in ; primaryControl:PC|clockface:CF|M0[1], primaryControl:PC|clockface:CF|M0[2],     ;
;                                        ;                           ; primaryControl:PC|clockface:CF|M0[0], primaryControl:PC|clockface:CF|M1[2],     ;
;                                        ;                           ; primaryControl:PC|clockface:CF|M1[0]                                            ;
; primaryControl:PC|countdown:CD|S1_a[0] ; Stuck at VCC              ; primaryControl:PC|countdown:CD|M1_a[3], primaryControl:PC|countdown:CD|M1_a[2], ;
;                                        ; due to stuck port data_in ; primaryControl:PC|countdown:CD|H0_a[0], primaryControl:PC|countdown:CD|H0_a[1], ;
;                                        ;                           ; primaryControl:PC|countdown:CD|H0_a[2], primaryControl:PC|countdown:CD|H0_a[3]  ;
; primaryControl:PC|countdown:CD|M0[0]   ; Stuck at GND              ; primaryControl:PC|countdown:CD|M1[2], primaryControl:PC|countdown:CD|M1[3],     ;
;                                        ; due to stuck port data_in ; primaryControl:PC|countdown:CD|M0_o[1], primaryControl:PC|countdown:CD|M0_o[2], ;
;                                        ;                           ; primaryControl:PC|countdown:CD|M1_o[3]                                          ;
; primaryControl:PC|countdown:CD|S0[1]   ; Stuck at GND              ; primaryControl:PC|countdown:CD|S0_o[1], primaryControl:PC|S0[1]                 ;
;                                        ; due to stuck port data_in ;                                                                                 ;
; primaryControl:PC|countdown:CD|S1[1]   ; Stuck at GND              ; primaryControl:PC|countdown:CD|S1_o[1], primaryControl:PC|S1[1]                 ;
;                                        ; due to stuck port data_in ;                                                                                 ;
; primaryControl:PC|countdown:CD|S1[3]   ; Stuck at GND              ; primaryControl:PC|countdown:CD|S1_o[3], primaryControl:PC|S1[3]                 ;
;                                        ; due to stuck port data_in ;                                                                                 ;
; primaryControl:PC|countdown:CD|M1[1]   ; Stuck at GND              ; primaryControl:PC|countdown:CD|M1_o[1], primaryControl:PC|M1[1]                 ;
;                                        ; due to stuck port data_in ;                                                                                 ;
; primaryControl:PC|countdown:CD|S0[2]   ; Stuck at GND              ; primaryControl:PC|countdown:CD|S0_o[2]                                          ;
;                                        ; due to stuck port data_in ;                                                                                 ;
+----------------------------------------+---------------------------+---------------------------------------------------------------------------------+


+------------------------------------------------------+
; General Register Statistics                          ;
+----------------------------------------------+-------+
; Statistic                                    ; Value ;
+----------------------------------------------+-------+
; Total registers                              ; 80    ;
; Number of registers using Synchronous Clear  ; 30    ;
; Number of registers using Synchronous Load   ; 4     ;
; Number of registers using Asynchronous Clear ; 15    ;
; Number of registers using Asynchronous Load  ; 0     ;
; Number of registers using Clock Enable       ; 29    ;
; Number of registers using Preset             ; 0     ;
+----------------------------------------------+-------+


+---------------------------------------------------------------------------------------------------------------------------------------------------------------------------------+
; Multiplexer Restructuring Statistics (Restructuring Performed)                                                                                                                  ;
+--------------------+-----------+---------------+----------------------+------------------------+------------+-------------------------------------------------------------------+
; Multiplexer Inputs ; Bus Width ; Baseline Area ; Area if Restructured ; Saving if Restructured ; Registered ; Example Multiplexer Output                                        ;
+--------------------+-----------+---------------+----------------------+------------------------+------------+-------------------------------------------------------------------+
; 3:1                ; 25 bits   ; 50 LEs        ; 0 LEs                ; 50 LEs                 ; Yes        ; |project4Top|ctr_1hz[2]                                           ;
; 3:1                ; 3 bits    ; 6 LEs         ; 3 LEs                ; 3 LEs                  ; Yes        ; |project4Top|primaryControl:PC|clockface:CF|M0[1]                 ;
; 3:1                ; 3 bits    ; 6 LEs         ; 6 LEs                ; 0 LEs                  ; Yes        ; |project4Top|primaryControl:PC|clockface:CF|M1[2]                 ;
; 3:1                ; 8 bits    ; 16 LEs        ; 0 LEs                ; 16 LEs                 ; Yes        ; |project4Top|primaryControl:PC|clockface:CF|H1[0]                 ;
; 4:1                ; 4 bits    ; 8 LEs         ; 8 LEs                ; 0 LEs                  ; Yes        ; |project4Top|primaryControl:PC|countdown:CD|H0[1]                 ;
; 3:1                ; 2 bits    ; 4 LEs         ; 4 LEs                ; 0 LEs                  ; No         ; |project4Top|primaryControl:PC|countdown:CD|countdown_setup:CDS|s ;
; 3:1                ; 3 bits    ; 6 LEs         ; 6 LEs                ; 0 LEs                  ; No         ; |project4Top|primaryControl:PC|clockface:CF|M0                    ;
; 4:1                ; 3 bits    ; 6 LEs         ; 6 LEs                ; 0 LEs                  ; No         ; |project4Top|primaryControl:PC|clockface:CF|clockface_setup:CFS|s ;
; 4:1                ; 8 bits    ; 16 LEs        ; 16 LEs               ; 0 LEs                  ; No         ; |project4Top|primaryControl:PC|clockface:CF|H1                    ;
; 4:1                ; 3 bits    ; 6 LEs         ; 6 LEs                ; 0 LEs                  ; No         ; |project4Top|primaryControl:PC|clockface:CF|M1                    ;
+--------------------+-----------+---------------+----------------------+------------------------+------------+-------------------------------------------------------------------+


+------------------------------------------------------------+
; Parameter Settings for User Entity Instance: keypressed:K1 ;
+----------------+-------+-----------------------------------+
; Parameter Name ; Value ; Type                              ;
+----------------+-------+-----------------------------------+
; KEY_FREE       ; 00    ; Unsigned Binary                   ;
; KEY_PRESSED    ; 01    ; Unsigned Binary                   ;
; KEY_RELEASED   ; 10    ; Unsigned Binary                   ;
+----------------+-------+-----------------------------------+
Note: In order to hide this table in the UI and the text report file, please set the "Show Parameter Settings in Synthesis Report" option in "Analysis and Synthesis Settings -> More Settings" to "Off".


+------------------------------------------------------------+
; Parameter Settings for User Entity Instance: keypressed:K2 ;
+----------------+-------+-----------------------------------+
; Parameter Name ; Value ; Type                              ;
+----------------+-------+-----------------------------------+
; KEY_FREE       ; 00    ; Unsigned Binary                   ;
; KEY_PRESSED    ; 01    ; Unsigned Binary                   ;
; KEY_RELEASED   ; 10    ; Unsigned Binary                   ;
+----------------+-------+-----------------------------------+
Note: In order to hide this table in the UI and the text report file, please set the "Show Parameter Settings in Synthesis Report" option in "Analysis and Synthesis Settings -> More Settings" to "Off".


+------------------------------------------------------------+
; Parameter Settings for User Entity Instance: keypressed:K3 ;
+----------------+-------+-----------------------------------+
; Parameter Name ; Value ; Type                              ;
+----------------+-------+-----------------------------------+
; KEY_FREE       ; 00    ; Unsigned Binary                   ;
; KEY_PRESSED    ; 01    ; Unsigned Binary                   ;
; KEY_RELEASED   ; 10    ; Unsigned Binary                   ;
+----------------+-------+-----------------------------------+
Note: In order to hide this table in the UI and the text report file, please set the "Show Parameter Settings in Synthesis Report" option in "Analysis and Synthesis Settings -> More Settings" to "Off".


+----------------------------------------------------------------+
; Parameter Settings for User Entity Instance: primaryControl:PC ;
+----------------+-------+---------------------------------------+
; Parameter Name ; Value ; Type                                  ;
+----------------+-------+---------------------------------------+
; INIT           ; 00    ; Unsigned Binary                       ;
; CLOCKFACE      ; 01    ; Unsigned Binary                       ;
; COUNTDOWN      ; 10    ; Unsigned Binary                       ;
+----------------+-------+---------------------------------------+
Note: In order to hide this table in the UI and the text report file, please set the "Show Parameter Settings in Synthesis Report" option in "Analysis and Synthesis Settings -> More Settings" to "Off".


+-----------------------------------------------------------------------------+
; Parameter Settings for User Entity Instance: primaryControl:PC|countdown:CD ;
+----------------+-------+----------------------------------------------------+
; Parameter Name ; Value ; Type                                               ;
+----------------+-------+----------------------------------------------------+
; DEFAULT_CD     ; 000   ; Unsigned Binary                                    ;
; SETUP_CD       ; 001   ; Unsigned Binary                                    ;
; START_CD       ; 010   ; Unsigned Binary                                    ;
; WAIT_CD        ; 011   ; Unsigned Binary                                    ;
; RUN_CD         ; 100   ; Unsigned Binary                                    ;
; ALARM_CD       ; 101   ; Unsigned Binary                                    ;
+----------------+-------+----------------------------------------------------+
Note: In order to hide this table in the UI and the text report file, please set the "Show Parameter Settings in Synthesis Report" option in "Analysis and Synthesis Settings -> More Settings" to "Off".


+-------------------------------------------------------------------------------------------------+
; Parameter Settings for User Entity Instance: primaryControl:PC|countdown:CD|countdown_setup:CDS ;
+----------------+-------+------------------------------------------------------------------------+
; Parameter Name ; Value ; Type                                                                   ;
+----------------+-------+------------------------------------------------------------------------+
; DEFAULT_CDS    ; 00    ; Unsigned Binary                                                        ;
; HOUR_CDS       ; 01    ; Unsigned Binary                                                        ;
; MIN_CDS        ; 10    ; Unsigned Binary                                                        ;
+----------------+-------+------------------------------------------------------------------------+
Note: In order to hide this table in the UI and the text report file, please set the "Show Parameter Settings in Synthesis Report" option in "Analysis and Synthesis Settings -> More Settings" to "Off".


+-----------------------------------------------------------------------------+
; Parameter Settings for User Entity Instance: primaryControl:PC|clockface:CF ;
+----------------+-------+----------------------------------------------------+
; Parameter Name ; Value ; Type                                               ;
+----------------+-------+----------------------------------------------------+
; DEFAULT_CF     ; 00    ; Unsigned Binary                                    ;
; RUN_CF         ; 01    ; Unsigned Binary                                    ;
; SETUP_CF       ; 10    ; Unsigned Binary                                    ;
+----------------+-------+----------------------------------------------------+
Note: In order to hide this table in the UI and the text report file, please set the "Show Parameter Settings in Synthesis Report" option in "Analysis and Synthesis Settings -> More Settings" to "Off".


+-------------------------------------------------------------------------------------------------+
; Parameter Settings for User Entity Instance: primaryControl:PC|clockface:CF|clockface_setup:CFS ;
+----------------+-------+------------------------------------------------------------------------+
; Parameter Name ; Value ; Type                                                                   ;
+----------------+-------+------------------------------------------------------------------------+
; DEFAULT_CFS    ; 00    ; Unsigned Binary                                                        ;
; SEC_CFS        ; 01    ; Unsigned Binary                                                        ;
; MIN_CFS        ; 10    ; Unsigned Binary                                                        ;
; HOUR_CFS       ; 11    ; Unsigned Binary                                                        ;
+----------------+-------+------------------------------------------------------------------------+
Note: In order to hide this table in the UI and the text report file, please set the "Show Parameter Settings in Synthesis Report" option in "Analysis and Synthesis Settings -> More Settings" to "Off".


+-----------------------------------------------------+
; Post-Synthesis Netlist Statistics for Top Partition ;
+-----------------------+-----------------------------+
; Type                  ; Count                       ;
+-----------------------+-----------------------------+
; arriav_ff             ; 80                          ;
;     CLR               ; 15                          ;
;     ENA               ; 4                           ;
;     ENA SCLR          ; 25                          ;
;     SCLR              ; 1                           ;
;     SCLR SLD          ; 4                           ;
;     plain             ; 31                          ;
; arriav_lcell_comb     ; 143                         ;
;     arith             ; 25                          ;
;         1 data inputs ; 25                          ;
;     normal            ; 118                         ;
;         0 data inputs ; 1                           ;
;         1 data inputs ; 6                           ;
;         2 data inputs ; 18                          ;
;         3 data inputs ; 25                          ;
;         4 data inputs ; 29                          ;
;         5 data inputs ; 15                          ;
;         6 data inputs ; 24                          ;
; boundary_port         ; 67                          ;
;                       ;                             ;
; Max LUT depth         ; 3.40                        ;
; Average LUT depth     ; 1.92                        ;
+-----------------------+-----------------------------+


+-------------------------------+
; Elapsed Time Per Partition    ;
+----------------+--------------+
; Partition Name ; Elapsed Time ;
+----------------+--------------+
; Top            ; 00:00:00     ;
+----------------+--------------+


+-------------------------------+
; Analysis & Synthesis Messages ;
+-------------------------------+
Info: *******************************************************************
Info: Running Quartus Prime Analysis & Synthesis
    Info: Version 17.0.0 Build 595 04/25/2017 SJ Lite Edition
    Info: Processing started: Fri Nov 30 23:45:34 2018
Info: Command: quartus_map --read_settings_files=on --write_settings_files=off project4 -c project4Top
Warning (18236): Number of processors has not been specified which may cause overloading on shared machines.  Set the global assignment NUM_PARALLEL_PROCESSORS in your QSF to an appropriate value for best performance.
Info (20030): Parallel compilation is enabled and will use 4 of the 4 processors detected
Info (12021): Found 1 design units, including 1 entities, in source file proc7segdecoder_tb.v
    Info (12023): Found entity 1: prog7segdecoder_tb File: D:/GitHub/ECE3544/Project04/P4/proc7segdecoder_tb.v Line: 2
Info (12021): Found 1 design units, including 1 entities, in source file proc7segdecoder.v
    Info (12023): Found entity 1: proc7segdecoder File: D:/GitHub/ECE3544/Project04/P4/proc7segdecoder.v Line: 1
Info (12021): Found 1 design units, including 1 entities, in source file primarycontrol.v
    Info (12023): Found entity 1: primaryControl File: D:/GitHub/ECE3544/Project04/P4/primaryControl.v Line: 7
Info (12021): Found 1 design units, including 1 entities, in source file keypressed.v
    Info (12023): Found entity 1: keypressed File: D:/GitHub/ECE3544/Project04/P4/keypressed.v Line: 15
Info (12021): Found 1 design units, including 1 entities, in source file countdown_setup.v
    Info (12023): Found entity 1: countdown_setup File: D:/GitHub/ECE3544/Project04/P4/countdown_setup.v Line: 7
Info (12021): Found 1 design units, including 1 entities, in source file countdown.v
    Info (12023): Found entity 1: countdown File: D:/GitHub/ECE3544/Project04/P4/countdown.v Line: 7
Info (12021): Found 1 design units, including 1 entities, in source file clockface_setup.v
    Info (12023): Found entity 1: clockface_setup File: D:/GitHub/ECE3544/Project04/P4/clockface_setup.v Line: 7
Info (12021): Found 1 design units, including 1 entities, in source file clockface.v
    Info (12023): Found entity 1: clockface File: D:/GitHub/ECE3544/Project04/P4/clockface.v Line: 7
Info (12021): Found 1 design units, including 1 entities, in source file project4top.v
    Info (12023): Found entity 1: project4Top File: D:/GitHub/ECE3544/Project04/P4/project4Top.v Line: 9
Info (12127): Elaborating entity "project4Top" for the top level hierarchy
Warning (10034): Output port "LED" at project4Top.v(13) has no driver File: D:/GitHub/ECE3544/Project04/P4/project4Top.v Line: 13
Info (12128): Elaborating entity "proc7segdecoder" for hierarchy "proc7segdecoder:H1_dec" File: D:/GitHub/ECE3544/Project04/P4/project4Top.v Line: 32
Info (12128): Elaborating entity "keypressed" for hierarchy "keypressed:K1" File: D:/GitHub/ECE3544/Project04/P4/project4Top.v Line: 39
Info (12128): Elaborating entity "primaryControl" for hierarchy "primaryControl:PC" File: D:/GitHub/ECE3544/Project04/P4/project4Top.v Line: 48
Info (12128): Elaborating entity "countdown" for hierarchy "primaryControl:PC|countdown:CD" File: D:/GitHub/ECE3544/Project04/P4/primaryControl.v Line: 32
Info (10264): Verilog HDL Case Statement information at countdown.v(53): all case item expressions in this case statement are onehot File: D:/GitHub/ECE3544/Project04/P4/countdown.v Line: 53
Info (12128): Elaborating entity "countdown_setup" for hierarchy "primaryControl:PC|countdown:CD|countdown_setup:CDS" File: D:/GitHub/ECE3544/Project04/P4/countdown.v Line: 27
Info (12128): Elaborating entity "clockface" for hierarchy "primaryControl:PC|clockface:CF" File: D:/GitHub/ECE3544/Project04/P4/primaryControl.v Line: 38
Info (12128): Elaborating entity "clockface_setup" for hierarchy "primaryControl:PC|clockface:CF|clockface_setup:CFS" File: D:/GitHub/ECE3544/Project04/P4/clockface.v Line: 20
Info (10264): Verilog HDL Case Statement information at clockface_setup.v(22): all case item expressions in this case statement are onehot File: D:/GitHub/ECE3544/Project04/P4/clockface_setup.v Line: 22
Warning (13024): Output pins are stuck at VCC or GND
    Warning (13410): Pin "LED[0]" is stuck at GND File: D:/GitHub/ECE3544/Project04/P4/project4Top.v Line: 13
    Warning (13410): Pin "LED[1]" is stuck at GND File: D:/GitHub/ECE3544/Project04/P4/project4Top.v Line: 13
    Warning (13410): Pin "LED[2]" is stuck at GND File: D:/GitHub/ECE3544/Project04/P4/project4Top.v Line: 13
    Warning (13410): Pin "LED[3]" is stuck at GND File: D:/GitHub/ECE3544/Project04/P4/project4Top.v Line: 13
    Warning (13410): Pin "LED[4]" is stuck at GND File: D:/GitHub/ECE3544/Project04/P4/project4Top.v Line: 13
    Warning (13410): Pin "LED[5]" is stuck at GND File: D:/GitHub/ECE3544/Project04/P4/project4Top.v Line: 13
    Warning (13410): Pin "LED[6]" is stuck at GND File: D:/GitHub/ECE3544/Project04/P4/project4Top.v Line: 13
    Warning (13410): Pin "LED[7]" is stuck at GND File: D:/GitHub/ECE3544/Project04/P4/project4Top.v Line: 13
    Warning (13410): Pin "LED[8]" is stuck at GND File: D:/GitHub/ECE3544/Project04/P4/project4Top.v Line: 13
    Warning (13410): Pin "LED[9]" is stuck at GND File: D:/GitHub/ECE3544/Project04/P4/project4Top.v Line: 13
    Warning (13410): Pin "HEX0[1]" is stuck at GND File: D:/GitHub/ECE3544/Project04/P4/project4Top.v Line: 14
    Warning (13410): Pin "HEX0[2]" is stuck at GND File: D:/GitHub/ECE3544/Project04/P4/project4Top.v Line: 14
Info (286030): Timing-Driven Synthesis is running
Info (17049): 6 registers lost all their fanouts during netlist optimizations.
Info (144001): Generated suppressed messages file D:/GitHub/ECE3544/Project04/P4/output_files/project4Top.map.smsg
Info (16010): Generating hard_block partition "hard_block:auto_generated_inst"
    Info (16011): Adding 0 node(s), including 0 DDIO, 0 PLL, 0 transceiver and 0 LCELL
Warning (21074): Design contains 10 input pin(s) that do not drive logic
    Warning (15610): No output dependent on input pin "SW[0]" File: D:/GitHub/ECE3544/Project04/P4/project4Top.v Line: 12
    Warning (15610): No output dependent on input pin "SW[1]" File: D:/GitHub/ECE3544/Project04/P4/project4Top.v Line: 12
    Warning (15610): No output dependent on input pin "SW[2]" File: D:/GitHub/ECE3544/Project04/P4/project4Top.v Line: 12
    Warning (15610): No output dependent on input pin "SW[3]" File: D:/GitHub/ECE3544/Project04/P4/project4Top.v Line: 12
    Warning (15610): No output dependent on input pin "SW[4]" File: D:/GitHub/ECE3544/Project04/P4/project4Top.v Line: 12
    Warning (15610): No output dependent on input pin "SW[5]" File: D:/GitHub/ECE3544/Project04/P4/project4Top.v Line: 12
    Warning (15610): No output dependent on input pin "SW[6]" File: D:/GitHub/ECE3544/Project04/P4/project4Top.v Line: 12
    Warning (15610): No output dependent on input pin "SW[7]" File: D:/GitHub/ECE3544/Project04/P4/project4Top.v Line: 12
    Warning (15610): No output dependent on input pin "SW[8]" File: D:/GitHub/ECE3544/Project04/P4/project4Top.v Line: 12
    Warning (15610): No output dependent on input pin "SW[9]" File: D:/GitHub/ECE3544/Project04/P4/project4Top.v Line: 12
Info (21057): Implemented 210 device resources after synthesis - the final resource count might be different
    Info (21058): Implemented 15 input pins
    Info (21059): Implemented 52 output pins
    Info (21061): Implemented 143 logic cells
Info: Quartus Prime Analysis & Synthesis was successful. 0 errors, 26 warnings
    Info: Peak virtual memory: 4854 megabytes
    Info: Processing ended: Fri Nov 30 23:45:45 2018
    Info: Elapsed time: 00:00:11
    Info: Total CPU time (on all processors): 00:00:27


+------------------------------------------+
; Analysis & Synthesis Suppressed Messages ;
+------------------------------------------+
The suppressed messages can be found in D:/GitHub/ECE3544/Project04/P4/output_files/project4Top.map.smsg.


