[computing.ece.vt.edu/_changwoo/ECE3575-2018S/index.html]
[backblue.gif]
[fade.gif]
[index.html]
[netdna.bootstrapcdn.com/bootstrap/3.0.3/css/bootstrap.min.css]
[computing.ece.vt.edu/_changwoo/ECE3575-2018S/index-2.html]
[computing.ece.vt.edu/_changwoo/ECE3575-2018S/helpsessions.html]
[computing.ece.vt.edu/_changwoo/ECE3575-2018S/projects/index.html]
[computing.ece.vt.edu/_changwoo/ECE3575-2018S/meeting/01-introduction]
[computing.ece.vt.edu/_changwoo/ECE3575-2018S/meeting/01-introduction/index.html]
[computing.ece.vt.edu/_changwoo/ECE3575-2018S/projects/milestone0.html]
[computing.ece.vt.edu/_changwoo/ECE3575-2018S/meeting/02-git]
[computing.ece.vt.edu/_changwoo/ECE3575-2018S/meeting/03-vagrant]
[computing.ece.vt.edu/_changwoo/ECE3575-2018S/meeting/04-templates]
[computing.ece.vt.edu/_changwoo/ECE3575-2018S/meeting/05-stl]
[computing.ece.vt.edu/_changwoo/ECE3575-2018S/meeting/02-git/index.html]
[computing.ece.vt.edu/_changwoo/ECE3575-2018S/meeting/06-design]
[computing.ece.vt.edu/_changwoo/ECE3575-2018S/meeting/07-unit]
[computing.ece.vt.edu/_changwoo/ECE3575-2018S/projects/milestone1.html]
[computing.ece.vt.edu/_changwoo/ECE3575-2018S/meeting/08-cmake]
[computing.ece.vt.edu/_changwoo/ECE3575-2018S/meeting/09-qtintro]
[computing.ece.vt.edu/_changwoo/ECE3575-2018S/meeting/03-vagrant/index.html]
[computing.ece.vt.edu/_changwoo/ECE3575-2018S/meeting/10-poly]
[computing.ece.vt.edu/_changwoo/ECE3575-2018S/meeting/05-stl/index.html]
[computing.ece.vt.edu/_changwoo/ECE3575-2018S/meeting/04-templates/index.html]
[computing.ece.vt.edu/_changwoo/ECE3575-2018S/meeting/06-design/index.html]
[computing.ece.vt.edu/_changwoo/ECE3575-2018S/meeting/07-unit/index.html]
[computing.ece.vt.edu/_changwoo/ECE3575-2018S/meeting/08-cmake/index.html]
[computing.ece.vt.edu/_changwoo/ECE3575-2018S/meeting/11-composition]
[computing.ece.vt.edu/_changwoo/ECE3575-2018S/meeting/09-qtintro/index.html]
[computing.ece.vt.edu/_changwoo/ECE3575-2018S/meeting/12-events]
[computing.ece.vt.edu/_changwoo/ECE3575-2018S/meeting/13-signal-slots]
[computing.ece.vt.edu/_changwoo/ECE3575-2018S/meeting/10-poly/index.html]
[computing.ece.vt.edu/_changwoo/ECE3575-2018S/projects/milestone2.html]
[computing.ece.vt.edu/_changwoo/ECE3575-2018S/meeting/14-qttest]
[computing.ece.vt.edu/_changwoo/ECE3575-2018S/meeting/15-patterns]
[computing.ece.vt.edu/_changwoo/ECE3575-2018S/meeting/16-morepatterns]
[computing.ece.vt.edu/_changwoo/ECE3575-2018S/meeting/11-composition/index.html]
[computing.ece.vt.edu/_changwoo/ECE3575-2018S/meeting/17-concurrency]
[computing.ece.vt.edu/_changwoo/ECE3575-2018S/meeting/18-ipc]
[computing.ece.vt.edu/_changwoo/ECE3575-2018S/meeting/19-shm]
[computing.ece.vt.edu/_changwoo/ECE3575-2018S/projects/milestone3.html]
[computing.ece.vt.edu/_changwoo/ECE3575-2018S/meeting/20-messages]
[computing.ece.vt.edu/_changwoo/ECE3575-2018S/meeting/21-threads]
[computing.ece.vt.edu/_changwoo/ECE3575-2018S/meeting/12-events/index.html]
[computing.ece.vt.edu/_changwoo/ECE3575-2018S/meeting/13-signal-slots/index.html]
[computing.ece.vt.edu/_changwoo/ECE3575-2018S/meeting/22-sync]
[computing.ece.vt.edu/_changwoo/ECE3575-2018S/projects/milestone4.html]
[computing.ece.vt.edu/_changwoo/ECE3575-2018S/meeting/14-qttest/index.html]
[computing.ece.vt.edu/_changwoo/ECE3575-2018S/meeting/15-patterns/index.html]
[code.jquery.com/jquery.js]
[computing.ece.vt.edu/_changwoo/ECE3575-2018S/meeting/16-morepatterns/index.html]
[netdna.bootstrapcdn.com/bootstrap/3.0.3/js/bootstrap.min.js]
[computing.ece.vt.edu/_changwoo/ECE3575-2018S/index.html]
[netdna.bootstrapcdn.com/bootstrap/3.0.3/css/bootstrap.min.css]
[computing.ece.vt.edu/_changwoo/ECE3575-2018S/index-2.html]
[computing.ece.vt.edu/_changwoo/ECE3575-2018S/meeting/17-concurrency/index.html]
[computing.ece.vt.edu/_changwoo/ECE3575-2018S/helpsessions.html]
[computing.ece.vt.edu/_changwoo/ECE3575-2018S/meeting/18-ipc/index.html]
[computing.ece.vt.edu/_changwoo/ECE3575-2018S/meeting/19-shm/index.html]
[computing.ece.vt.edu/_changwoo/ECE3575-2018S/meeting/20-messages/index.html]
[computing.ece.vt.edu/_changwoo/ECE3575-2018S/projects/mips-architecture.html]
[computing.ece.vt.edu/_changwoo/ECE3575-2018S/meeting/21-threads/index.html]
[computing.ece.vt.edu/_changwoo/ECE3575-2018S/projects/mips-assembly.html]
[computing.ece.vt.edu/_changwoo/ECE3575-2018S/projects/lexing.html]
[computing.ece.vt.edu/_changwoo/ECE3575-2018S/projects/parsing.html]
[computing.ece.vt.edu/_changwoo/ECE3575-2018S/meeting/22-sync/index.html]
[computing.ece.vt.edu/_changwoo/ECE3575-2018S/projects/cli.html]
[computing.ece.vt.edu/_changwoo/ECE3575-2018S/projects/resources.html]
[computing.ece.vt.edu/_changwoo/ECE3575-2018S/projects/index.html]
[computing.ece.vt.edu/_changwoo/ECE3575-2018S/projects/references.html]
[computing.ece.vt.edu/_changwoo/ECE3575-2018S/meeting/23-thread-safe-queue/index.html]
[computing.ece.vt.edu/_changwoo/ECE3575-2018S/meeting/24-prodcon/index.html]
[cdnjs.cloudflare.com/ajax/libs/mathjax/2.7.0/MathJaxb198.js]
[computing.ece.vt.edu/_changwoo/ECE3575-2018S/meeting/01-introduction/slides.pdf]
[computing.ece.vt.edu/_changwoo/ECE3575-2018S/meeting/25-actors/index.html]
[computing.ece.vt.edu/_changwoo/ECE3575-2018S/meeting/01-introduction/powershell_check.png]
[computing.ece.vt.edu/_changwoo/ECE3575-2018S/meeting/26-embedded/index.html]
[computing.ece.vt.edu/_changwoo/ECE3575-2018S/meeting/01-introduction/macosx_check.png]
[computing.ece.vt.edu/_changwoo/ECE3575-2018S/meeting/01-introduction/index.html]
[computing.ece.vt.edu/_changwoo/ECE3575-2018S/meeting/27-rtos1/index.html]
[computing.ece.vt.edu/_changwoo/ECE3575-2018S/projects/MIPStextSMv11.pdf]
[computing.ece.vt.edu/_changwoo/ECE3575-2018S/projects/milestone0.html]
[computing.ece.vt.edu/_changwoo/ECE3575-2018S/meeting/28-rtos2/index.html]
[computing.ece.vt.edu/_changwoo/ECE3575-2018S/meeting/02-git/slides.pdf]
[computing.ece.vt.edu/_changwoo/ECE3575-2018S/meeting/02-git/index.html]
[computing.ece.vt.edu/_changwoo/ECE3575-2018S/meeting/29-review/index.html]
[computing.ece.vt.edu/_changwoo/ECE3575-2018S/meeting/03-vagrant/slides.pdf]
[computing.ece.vt.edu/_changwoo/ECE3575-2018S/meeting/03-vagrant/index.html]
[computing.ece.vt.edu/_changwoo/ECE3575-2018S/meeting/04-templates/slides.pdf]
[computing.ece.vt.edu/_changwoo/ECE3575-2018S/meeting/04-templates/index.html]
[computing.ece.vt.edu/_changwoo/ECE3575-2018S/meeting/05-stl/slides.pdf]
[computing.ece.vt.edu/_changwoo/ECE3575-2018S/meeting/05-stl/index.html]
[computing.ece.vt.edu/_changwoo/ECE3575-2018S/meeting/06-design/slides.pdf]
[computing.ece.vt.edu/_changwoo/ECE3575-2018S/meeting/06-design/index.html]
[computing.ece.vt.edu/_changwoo/ECE3575-2018S/meeting/07-unit/slides.pdf]
[computing.ece.vt.edu/_changwoo/ECE3575-2018S/meeting/07-unit/index.html]
[computing.ece.vt.edu/_changwoo/ECE3575-2018S/projects/m1-fixzero.patch]
[computing.ece.vt.edu/_changwoo/ECE3575-2018S/projects/m1-fix-missing-text.patch]
[computing.ece.vt.edu/_changwoo/ECE3575-2018S/projects/milestone1.html]
[computing.ece.vt.edu/_changwoo/ECE3575-2018S/meeting/08-cmake/slides.pdf]
[computing.ece.vt.edu/_changwoo/ECE3575-2018S/meeting/08-cmake/index.html]
[computing.ece.vt.edu/_changwoo/ECE3575-2018S/installqt.html]
[computing.ece.vt.edu/_changwoo/ECE3575-2018S/meeting/09-qtintro/index.html]
[computing.ece.vt.edu/_changwoo/ECE3575-2018S/meeting/09-qtintro/slides.pdf]
[computing.ece.vt.edu/_changwoo/ECE3575-2018S/meeting/10-poly/slides.pdf]
[computing.ece.vt.edu/_changwoo/ECE3575-2018S/meeting/10-poly/code10.zip]
[computing.ece.vt.edu/_changwoo/ECE3575-2018S/meeting/10-poly/index.html]
[computing.ece.vt.edu/_changwoo/ECE3575-2018S/meeting/11-composition/slides.pdf]
[computing.ece.vt.edu/_changwoo/ECE3575-2018S/meeting/11-composition/index.html]
[computing.ece.vt.edu/_changwoo/ECE3575-2018S/meeting/12-events/slides.pdf]
[computing.ece.vt.edu/_changwoo/ECE3575-2018S/meeting/12-events/code12.zip]
[computing.ece.vt.edu/_changwoo/ECE3575-2018S/meeting/12-events/index.html]
[computing.ece.vt.edu/_changwoo/ECE3575-2018S/meeting/13-signal-slots/slides.pdf]
[computing.ece.vt.edu/_changwoo/ECE3575-2018S/meeting/13-signal-slots/index.html]
[computing.ece.vt.edu/_changwoo/ECE3575-2018S/meeting/13-signal-slots/code13.zip]
[computing.ece.vt.edu/_changwoo/ECE3575-2018S/projects/milestone2.html]
[computing.ece.vt.edu/_changwoo/ECE3575-2018S/meeting/14-qttest/slides.pdf]
[computing.ece.vt.edu/_changwoo/ECE3575-2018S/meeting/14-qttest/index.html]
[computing.ece.vt.edu/_changwoo/ECE3575-2018S/meeting/14-qttest/code14.zip]
[computing.ece.vt.edu/_changwoo/ECE3575-2018S/meeting/15-patterns/slides.pdf]
[computing.ece.vt.edu/_changwoo/ECE3575-2018S/meeting/15-patterns/index.html]
[computing.ece.vt.edu/_changwoo/ECE3575-2018S/meeting/15-patterns/code15.zip]
[computing.ece.vt.edu/_changwoo/ECE3575-2018S/meeting/16-morepatterns/slides.pdf]
[computing.ece.vt.edu/_changwoo/ECE3575-2018S/meeting/16-morepatterns/code16.zip]
[computing.ece.vt.edu/_changwoo/ECE3575-2018S/meeting/16-morepatterns/index.html]
[computing.ece.vt.edu/_changwoo/ECE3575-2018S/meeting/17-concurrency/slides.pdf]
[computing.ece.vt.edu/_changwoo/ECE3575-2018S/meeting/17-concurrency/index.html]
[computing.ece.vt.edu/_changwoo/ECE3575-2018S/meeting/17-concurrency/code17.zip]
[computing.ece.vt.edu/_changwoo/ECE3575-2018S/meeting/18-ipc/slides.pdf]
[computing.ece.vt.edu/_changwoo/ECE3575-2018S/meeting/18-ipc/code18.zip]
[computing.ece.vt.edu/_changwoo/ECE3575-2018S/meeting/18-ipc/index.html]
[computing.ece.vt.edu/_changwoo/ECE3575-2018S/meeting/19-shm/slides.pdf]
[computing.ece.vt.edu/_changwoo/ECE3575-2018S/meeting/19-shm/index.html]
[computing.ece.vt.edu/_changwoo/ECE3575-2018S/meeting/19-shm/code19.zip]
[computing.ece.vt.edu/_changwoo/ECE3575-2018S/projects/milestone3.html]
[computing.ece.vt.edu/_changwoo/ECE3575-2018S/projects/simmips_gui_annot.png]
[computing.ece.vt.edu/_changwoo/ECE3575-2018S/meeting/20-messages/slides.pdf]
[computing.ece.vt.edu/_changwoo/ECE3575-2018S/meeting/20-messages/index.html]
[computing.ece.vt.edu/_changwoo/ECE3575-2018S/meeting/20-messages/code20.zip]
[computing.ece.vt.edu/_changwoo/ECE3575-2018S/meeting/21-threads/slides.pdf]
[computing.ece.vt.edu/_changwoo/ECE3575-2018S/meeting/21-threads/index.html]
[computing.ece.vt.edu/_changwoo/ECE3575-2018S/meeting/21-threads/code21.zip]
[computing.ece.vt.edu/_changwoo/ECE3575-2018S/meeting/22-sync/slides.pdf]
[computing.ece.vt.edu/_changwoo/ECE3575-2018S/meeting/22-sync/code22.zip]
[computing.ece.vt.edu/_changwoo/ECE3575-2018S/meeting/22-sync/index.html]
[computing.ece.vt.edu/_changwoo/ECE3575-2018S/meeting/23-thread-safe-queue/slides.pdf]
[computing.ece.vt.edu/_changwoo/ECE3575-2018S/meeting/23-thread-safe-queue/index.html]
[computing.ece.vt.edu/_changwoo/ECE3575-2018S/projects/cmake_link.patch]
[computing.ece.vt.edu/_changwoo/ECE3575-2018S/projects/milestone4.html]
[computing.ece.vt.edu/_changwoo/ECE3575-2018S/projects/simmips_gui2_annot.png]
[computing.ece.vt.edu/_changwoo/ECE3575-2018S/meeting/24-prodcon/slides.pdf]
[computing.ece.vt.edu/_changwoo/ECE3575-2018S/meeting/24-prodcon/index.html]
[computing.ece.vt.edu/_changwoo/ECE3575-2018S/meeting/24-prodcon/code24.zip]
[computing.ece.vt.edu/_changwoo/ECE3575-2018S/meeting/25-actors/index.html]
[computing.ece.vt.edu/_changwoo/ECE3575-2018S/meeting/25-actors/code25.zip]
[computing.ece.vt.edu/_changwoo/ECE3575-2018S/meeting/26-embedded/slides.pdf]
[computing.ece.vt.edu/_changwoo/ECE3575-2018S/meeting/26-embedded/index.html]
[computing.ece.vt.edu/_changwoo/ECE3575-2018S/meeting/26-embedded/code26.zip]
[computing.ece.vt.edu/_changwoo/ECE3575-2018S/meeting/27-rtos1/index.html]
[computing.ece.vt.edu/_changwoo/ECE3575-2018S/meeting/28-rtos2/index.html]
[computing.ece.vt.edu/_changwoo/ECE3575-2018S/meeting/29-review/example_final.zip]
[computing.ece.vt.edu/_changwoo/ECE3575-2018S/meeting/29-review/index.html]
[computing.ece.vt.edu/_changwoo/ECE3575-2018S/projects/mips-architecture.html]
[computing.ece.vt.edu/_changwoo/ECE3575-2018S/projects/mips-assembly.html]
[computing.ece.vt.edu/_changwoo/ECE3575-2018S/projects/lexing.html]
[computing.ece.vt.edu/_changwoo/ECE3575-2018S/projects/parsing.html]
[computing.ece.vt.edu/_changwoo/ECE3575-2018S/projects/cli.html]
[computing.ece.vt.edu/_changwoo/ECE3575-2018S/projects/resources.html]
[computing.ece.vt.edu/_changwoo/ECE3575-2018S/projects/references.html]
[computing.ece.vt.edu/_changwoo/ECE3575-2018S/installqt.html]
[computing.ece.vt.edu/_changwoo/ECE3575-2018S/projects/m3-1.svg]
[computing.ece.vt.edu/_changwoo/ECE3575-2018S/meeting/25-actors/slides.pdf]
[computing.ece.vt.edu/_changwoo/ECE3575-2018S/meeting/27-rtos1/slides.pdf]
[computing.ece.vt.edu/_changwoo/ECE3575-2018S/meeting/28-rtos2/slides.pdf]
