[filebox.ece.vt.edu/_ECE3574/index.html]
[backblue.gif]
[fade.gif]
[index.html]
[netdna.bootstrapcdn.com/bootstrap/3.0.3/css/bootstrap.min.css]
[filebox.ece.vt.edu/_ECE3574/meeting/01-introduction]
[filebox.ece.vt.edu/_ECE3574/project/index.html]
[filebox.ece.vt.edu/_ECE3574/project/milestone0.html]
[filebox.ece.vt.edu/_ECE3574/meeting/02-git]
[filebox.ece.vt.edu/_ECE3574/meeting/01-introduction/index.html]
[filebox.ece.vt.edu/_ECE3574/meeting/03-vagrant.6.delayed]
[filebox.ece.vt.edu/_ECE3574/meeting/04-templates]
[filebox.ece.vt.edu/_ECE3574/meeting/05-stl]
[filebox.ece.vt.edu/_ECE3574/meeting/06-design]
[filebox.ece.vt.edu/_ECE3574/meeting/02-git/index.html]
[filebox.ece.vt.edu/_ECE3574/project/milestone1.html]
[filebox.ece.vt.edu/_ECE3574/meeting/07-unit]
[filebox.ece.vt.edu/_ECE3574/meeting/08-cmake]
[filebox.ece.vt.edu/_ECE3574/meeting/09-qtintro]
[filebox.ece.vt.edu/_ECE3574/meeting/03-vagrant/index.html]
[filebox.ece.vt.edu/_ECE3574/meeting/10-poly]
[filebox.ece.vt.edu/_ECE3574/meeting/11-composition]
[filebox.ece.vt.edu/_ECE3574/meeting/12-events]
[filebox.ece.vt.edu/_ECE3574/meeting/13-signal-slots]
[filebox.ece.vt.edu/_ECE3574/meeting/04-templates/index.html]
[filebox.ece.vt.edu/_ECE3574/project/milestone2.html]
[filebox.ece.vt.edu/_ECE3574/meeting/14-qttest]
[filebox.ece.vt.edu/_ECE3574/meeting/15-patterns]
[filebox.ece.vt.edu/_ECE3574/meeting/16-morepatterns]
[filebox.ece.vt.edu/_ECE3574/meeting/17-concurrency]
[filebox.ece.vt.edu/_ECE3574/meeting/18-ipc]
[filebox.ece.vt.edu/_ECE3574/meeting/05-stl/index.html]
[filebox.ece.vt.edu/_ECE3574/meeting/19-shm]
[filebox.ece.vt.edu/_ECE3574/meeting/20-messages]
[filebox.ece.vt.edu/_ECE3574/project/milestone3.html]
[filebox.ece.vt.edu/_ECE3574/meeting/06-design/index.html]
[filebox.ece.vt.edu/_ECE3574/meeting/21-threads]
[filebox.ece.vt.edu/_ECE3574/meeting/22-sync]
[filebox.ece.vt.edu/_ECE3574/meeting/23-thread-safe-queue]
[filebox.ece.vt.edu/_ECE3574/project/milestone4.html]
[filebox.ece.vt.edu/_ECE3574/meeting/07-unit/index.html]
[filebox.ece.vt.edu/_ECE3574/meeting/24-prodcon]
[filebox.ece.vt.edu/_ECE3574/meeting/25-actors]
[filebox.ece.vt.edu/_ECE3574/meeting/26-embedded]
[filebox.ece.vt.edu/_ECE3574/meeting/27-rtos1]
[filebox.ece.vt.edu/_ECE3574/meeting/08-cmake/index.html]
[filebox.ece.vt.edu/_ECE3574/meeting/28-rtos2]
[filebox.ece.vt.edu/_ECE3574/meeting/29-review]
[filebox.ece.vt.edu/_ECE3574/meeting/09-qtintro/index.html]
[filebox.ece.vt.edu/_ECE3574/meeting/10-poly/index.html]
[filebox.ece.vt.edu/_ECE3574/meeting/11-composition/index.html]
[code.jquery.com/jquery.js]
[netdna.bootstrapcdn.com/bootstrap/3.0.3/js/bootstrap.min.js]
[filebox.ece.vt.edu/_ECE3574/meeting/12-events/index.html]
[filebox.ece.vt.edu/_ECE3574/index.html]
[netdna.bootstrapcdn.com/bootstrap/3.0.3/css/bootstrap.min.css]
[filebox.ece.vt.edu/_ECE3574/meeting/13-signal-slots/index.html]
[filebox.ece.vt.edu/_ECE3574/meeting/14-qttest/index.html]
[filebox.ece.vt.edu/_ECE3574/meeting/15-patterns/index.html]
[filebox.ece.vt.edu/_ECE3574/meeting/01-introduction/slides.pdf]
[filebox.ece.vt.edu/_ECE3574/meeting/01-introduction/index.html]
[filebox.ece.vt.edu/_ECE3574/meeting/16-morepatterns/index.html]
[filebox.ece.vt.edu/_ECE3574/project/starter-html/index.html]
[filebox.ece.vt.edu/_ECE3574/meeting/17-concurrency/index.html]
[filebox.ece.vt.edu/_ECE3574/project/index.html]
[filebox.ece.vt.edu/_ECE3574/project/milestone0.html]
[filebox.ece.vt.edu/_ECE3574/meeting/18-ipc/index.html]
[filebox.ece.vt.edu/_ECE3574/meeting/19-shm/index.html]
[filebox.ece.vt.edu/_ECE3574/meeting/20-messages/index.html]
[filebox.ece.vt.edu/_ECE3574/meeting/02-git/slides.pdf]
[filebox.ece.vt.edu/_ECE3574/meeting/02-git/index.html]
[filebox.ece.vt.edu/_ECE3574/meeting/21-threads/index.html]
[filebox.ece.vt.edu/_ECE3574/meeting/22-sync/index.html]
[filebox.ece.vt.edu/_ECE3574/meeting/03-vagrant/slides.pdf]
[filebox.ece.vt.edu/_ECE3574/meeting/03-vagrant/index.html]
[filebox.ece.vt.edu/_ECE3574/meeting/23-thread-safe-queue/index.html]
[filebox.ece.vt.edu/_ECE3574/meeting/24-prodcon/index.html]
[filebox.ece.vt.edu/_ECE3574/meeting/04-templates/slides.pdf]
[filebox.ece.vt.edu/_ECE3574/meeting/04-templates/index.html]
[filebox.ece.vt.edu/_ECE3574/meeting/25-actors/index.html]
[filebox.ece.vt.edu/_ECE3574/meeting/26-embedded/index.html]
[filebox.ece.vt.edu/_ECE3574/meeting/05-stl/slides.pdf]
[filebox.ece.vt.edu/_ECE3574/meeting/05-stl/index.html]
[filebox.ece.vt.edu/_ECE3574/meeting/27-rtos1/index.html]
[filebox.ece.vt.edu/_ECE3574/meeting/28-rtos2/index.html]
[filebox.ece.vt.edu/_ECE3574/meeting/06-design/slides.pdf]
[filebox.ece.vt.edu/_ECE3574/meeting/06-design/index.html]
[filebox.ece.vt.edu/_ECE3574/project/milestone1.html]
[filebox.ece.vt.edu/_ECE3574/meeting/07-unit/slides.pdf]
[filebox.ece.vt.edu/_ECE3574/meeting/07-unit/index.html]
[filebox.ece.vt.edu/_ECE3574/meeting/29-review/index.html]
[filebox.ece.vt.edu/_ECE3574/meeting/08-cmake/slides.pdf]
[filebox.ece.vt.edu/_ECE3574/meeting/08-cmake/index.html]
[filebox.ece.vt.edu/_ECE3574/installqt.html]
[filebox.ece.vt.edu/_ECE3574/meeting/09-qtintro/index.html]
[filebox.ece.vt.edu/_ECE3574/meeting/09-qtintro/slides.pdf]
[filebox.ece.vt.edu/_ECE3574/meeting/10-poly/slides.pdf]
[filebox.ece.vt.edu/_ECE3574/meeting/10-poly/code10.zip]
[filebox.ece.vt.edu/_ECE3574/meeting/10-poly/index.html]
[filebox.ece.vt.edu/_ECE3574/meeting/11-composition/slides.pdf]
[filebox.ece.vt.edu/_ECE3574/meeting/11-composition/index.html]
[filebox.ece.vt.edu/_ECE3574/meeting/12-events/slides.pdf]
[filebox.ece.vt.edu/_ECE3574/meeting/12-events/code12.zip]
[filebox.ece.vt.edu/_ECE3574/meeting/12-events/index.html]
[filebox.ece.vt.edu/_ECE3574/meeting/13-signal-slots/slides.pdf]
[filebox.ece.vt.edu/_ECE3574/meeting/13-signal-slots/code13.zip]
[filebox.ece.vt.edu/_ECE3574/meeting/13-signal-slots/exercise13.zip]
[filebox.ece.vt.edu/_ECE3574/meeting/13-signal-slots/index.html]
[filebox.ece.vt.edu/_ECE3574/project/m2_cmake_gcov_patch.diff]
[filebox.ece.vt.edu/_ECE3574/project/m2-demo-media/m2-demo.mp4]
[filebox.ece.vt.edu/_ECE3574/project/m2-demo-media/m2-demo.ogv]
[filebox.ece.vt.edu/_ECE3574/project/m2-demo-media/m2-demo.webm]
[filebox.ece.vt.edu/_ECE3574/project/milestone2.html]
[filebox.ece.vt.edu/_ECE3574/meeting/14-qttest/slides.pdf]
[filebox.ece.vt.edu/_ECE3574/meeting/14-qttest/index.html]
[filebox.ece.vt.edu/_ECE3574/meeting/14-qttest/code14.zip]
[filebox.ece.vt.edu/_ECE3574/meeting/15-patterns/slides.pdf]
[filebox.ece.vt.edu/_ECE3574/meeting/15-patterns/index.html]
[filebox.ece.vt.edu/_ECE3574/meeting/15-patterns/code15.zip]
[filebox.ece.vt.edu/_ECE3574/meeting/16-morepatterns/slides.pdf]
[filebox.ece.vt.edu/_ECE3574/meeting/16-morepatterns/index.html]
[filebox.ece.vt.edu/_ECE3574/meeting/16-morepatterns/code16.zip]
[filebox.ece.vt.edu/_ECE3574/meeting/17-concurrency/slides.pdf]
[filebox.ece.vt.edu/_ECE3574/meeting/17-concurrency/index.html]
[filebox.ece.vt.edu/_ECE3574/meeting/17-concurrency/code17.zip]
[filebox.ece.vt.edu/_ECE3574/meeting/18-ipc/slides.pdf]
[filebox.ece.vt.edu/_ECE3574/meeting/18-ipc/index.html]
[filebox.ece.vt.edu/_ECE3574/meeting/18-ipc/code18.zip]
[filebox.ece.vt.edu/_ECE3574/meeting/19-shm/slides.pdf]
[filebox.ece.vt.edu/_ECE3574/meeting/19-shm/code19.zip]
[filebox.ece.vt.edu/_ECE3574/meeting/19-shm/index.html]
[filebox.ece.vt.edu/_ECE3574/meeting/20-messages/slides.pdf]
[filebox.ece.vt.edu/_ECE3574/meeting/20-messages/code20.zip]
[filebox.ece.vt.edu/_ECE3574/meeting/20-messages/index.html]
[filebox.ece.vt.edu/_ECE3574/project/m3-text-screen.png]
[filebox.ece.vt.edu/_ECE3574/project/m3-figure.png]
[filebox.ece.vt.edu/_ECE3574/project/m3-discrete-example.png]
[filebox.ece.vt.edu/_ECE3574/project/m3-continuous-example.png]
[filebox.ece.vt.edu/_ECE3574/project/m3-demo-media/m3-demo.mp4]
[filebox.ece.vt.edu/_ECE3574/project/m3-demo-media/m3-demo.ogv]
[filebox.ece.vt.edu/_ECE3574/project/m3-demo-media/m3-demo.webm]
[filebox.ece.vt.edu/_ECE3574/project/milestone3.html]
[filebox.ece.vt.edu/_ECE3574/meeting/21-threads/slides.pdf]
[filebox.ece.vt.edu/_ECE3574/meeting/21-threads/index.html]
[filebox.ece.vt.edu/_ECE3574/meeting/21-threads/code21.zip]
[filebox.ece.vt.edu/_ECE3574/meeting/22-sync/slides.pdf]
[filebox.ece.vt.edu/_ECE3574/meeting/22-sync/index.html]
[filebox.ece.vt.edu/_ECE3574/meeting/22-sync/code22.zip]
[filebox.ece.vt.edu/_ECE3574/meeting/23-thread-safe-queue/slides.pdf]
[filebox.ece.vt.edu/_ECE3574/meeting/23-thread-safe-queue/index.html]
[filebox.ece.vt.edu/_ECE3574/project/m4-screenshot.png]
[filebox.ece.vt.edu/_ECE3574/project/milestone4.html]
[filebox.ece.vt.edu/_ECE3574/meeting/24-prodcon/slides.pdf]
[filebox.ece.vt.edu/_ECE3574/meeting/24-prodcon/code24.zip]
[filebox.ece.vt.edu/_ECE3574/meeting/24-prodcon/index.html]
[filebox.ece.vt.edu/_ECE3574/meeting/25-actors/slides.pdf]
[filebox.ece.vt.edu/_ECE3574/meeting/25-actors/index.html]
[filebox.ece.vt.edu/_ECE3574/meeting/25-actors/code25.zip]
[filebox.ece.vt.edu/_ECE3574/meeting/26-embedded/slides.pdf]
[filebox.ece.vt.edu/_ECE3574/meeting/26-embedded/code26.zip]
[filebox.ece.vt.edu/_ECE3574/meeting/26-embedded/index.html]
[filebox.ece.vt.edu/_ECE3574/meeting/27-rtos1/slides.pdf]
[filebox.ece.vt.edu/_ECE3574/meeting/27-rtos1/index.html]
[filebox.ece.vt.edu/_ECE3574/meeting/27-rtos1/code27.zip]
[filebox.ece.vt.edu/_ECE3574/meeting/28-rtos2/slides.pdf]
[filebox.ece.vt.edu/_ECE3574/meeting/28-rtos2/index.html]
[filebox.ece.vt.edu/_ECE3574/meeting/29-review/example_final.zip]
[filebox.ece.vt.edu/_ECE3574/meeting/29-review/index.html]
[filebox.ece.vt.edu/_ECE3574/meeting/29-review/example_final2.zip]
[filebox.ece.vt.edu/_ECE3574/project/starter-html/tabs.css]
[filebox.ece.vt.edu/_ECE3574/project/starter-html/dynsections.js]
[filebox.ece.vt.edu/_ECE3574/project/starter-html/jquery.js]
[filebox.ece.vt.edu/_ECE3574/project/starter-html/search/search.css]
[filebox.ece.vt.edu/_ECE3574/project/starter-html/search/searchdata.js]
[filebox.ece.vt.edu/_ECE3574/project/starter-html/search/search.js]
[filebox.ece.vt.edu/_ECE3574/project/starter-html/stylesheet.css]
[filebox.ece.vt.edu/_ECE3574/project/starter-html/menudata.js]
[filebox.ece.vt.edu/_ECE3574/project/starter-html/menu.js]
[filebox.ece.vt.edu/_ECE3574/project/starter-html/search.php]
[filebox.ece.vt.edu/_ECE3574/project/starter-html/ast.png]
[filebox.ece.vt.edu/_ECE3574/project/starter-html/class_token.html]
[filebox.ece.vt.edu/_ECE3574/project/starter-html/class_atom.html]
[filebox.ece.vt.edu/_ECE3574/project/starter-html/class_expression.html]
[filebox.ece.vt.edu/_ECE3574/project/starter-html/class_environment.html]
[filebox.ece.vt.edu/_ECE3574/project/starter-html/atom_8hpp.html]
[filebox.ece.vt.edu/_ECE3574/project/starter-html/atom_8cpp.html]
[filebox.ece.vt.edu/_ECE3574/project/starter-html/expression_8hpp.html]
[filebox.ece.vt.edu/_ECE3574/project/starter-html/expression_8cpp.html]
[filebox.ece.vt.edu/_ECE3574/project/starter-html/token_8hpp.html]
[filebox.ece.vt.edu/_ECE3574/project/starter-html/token_8cpp.html]
[filebox.ece.vt.edu/_ECE3574/project/starter-html/parse_8hpp.html]
[filebox.ece.vt.edu/_ECE3574/project/starter-html/parse_8cpp.html]
[filebox.ece.vt.edu/_ECE3574/project/starter-html/environment_8hpp.html]
[filebox.ece.vt.edu/_ECE3574/project/starter-html/environment_8cpp.html]
[filebox.ece.vt.edu/_ECE3574/project/starter-html/class_interpreter.html]
[filebox.ece.vt.edu/_ECE3574/project/starter-html/interpreter_8hpp.html]
[filebox.ece.vt.edu/_ECE3574/project/starter-html/interpreter_8cpp.html]
[filebox.ece.vt.edu/_ECE3574/project/starter-html/interpreter__tests_8cpp.html]
[filebox.ece.vt.edu/_ECE3574/project/starter-html/index.html]
[filebox.ece.vt.edu/_ECE3574/installqt.html]
[filebox.ece.vt.edu/_ECE3574/project/starter-html/tab_b.png]
[filebox.ece.vt.edu/_ECE3574/project/starter-html/tab_a.png]
[filebox.ece.vt.edu/_ECE3574/project/starter-html/tabs.css]
[filebox.ece.vt.edu/_ECE3574/project/starter-html/tab_s.png]
[filebox.ece.vt.edu/_ECE3574/project/starter-html/search/search_l.png]
[filebox.ece.vt.edu/_ECE3574/project/starter-html/search/search_m.png]
[filebox.ece.vt.edu/_ECE3574/project/starter-html/search/search_r.png]
[filebox.ece.vt.edu/_ECE3574/project/starter-html/search/search.css]
[filebox.ece.vt.edu/_ECE3574/project/starter-html/nav_f.png]
[filebox.ece.vt.edu/_ECE3574/project/starter-html/nav_g.png]
[filebox.ece.vt.edu/_ECE3574/project/starter-html/folderopen.png]
[filebox.ece.vt.edu/_ECE3574/project/starter-html/folderclosed.png]
[filebox.ece.vt.edu/_ECE3574/project/starter-html/doc.png]
[filebox.ece.vt.edu/_ECE3574/project/starter-html/bc_s.png]
[filebox.ece.vt.edu/_ECE3574/project/starter-html/nav_h.png]
[filebox.ece.vt.edu/_ECE3574/project/starter-html/bdwn.png]
[filebox.ece.vt.edu/_ECE3574/project/starter-html/stylesheet.css]
[filebox.ece.vt.edu/_ECE3574/project/starter-html/search.html]
[filebox.ece.vt.edu/_ECE3574/project/starter-html/class_token-members.html]
[filebox.ece.vt.edu/_ECE3574/project/starter-html/class_token.html]
[filebox.ece.vt.edu/_ECE3574/project/starter-html/token_8hpp_source.html]
[filebox.ece.vt.edu/_ECE3574/project/starter-html/class_atom-members.html]
[filebox.ece.vt.edu/_ECE3574/project/starter-html/class_atom.html]
[filebox.ece.vt.edu/_ECE3574/project/starter-html/atom_8hpp_source.html]
[filebox.ece.vt.edu/_ECE3574/project/starter-html/class_expression-members.html]
[filebox.ece.vt.edu/_ECE3574/project/starter-html/expression_8hpp_source.html]
[filebox.ece.vt.edu/_ECE3574/project/starter-html/class_expression.html]
[filebox.ece.vt.edu/_ECE3574/project/starter-html/class_environment-members.html]
[filebox.ece.vt.edu/_ECE3574/project/starter-html/class_environment.html]
[filebox.ece.vt.edu/_ECE3574/project/starter-html/environment_8hpp_source.html]
[filebox.ece.vt.edu/_ECE3574/project/starter-html/atom_8hpp__incl.png]
[filebox.ece.vt.edu/_ECE3574/project/starter-html/atom_8hpp__dep__incl.png]
[filebox.ece.vt.edu/_ECE3574/project/starter-html/atom__tests_8cpp.html]
[filebox.ece.vt.edu/_ECE3574/project/starter-html/environment__tests_8cpp.html]
[filebox.ece.vt.edu/_ECE3574/project/starter-html/plotscript_8cpp.html]
[filebox.ece.vt.edu/_ECE3574/project/starter-html/expression__tests_8cpp.html]
[filebox.ece.vt.edu/_ECE3574/project/starter-html/atom_8hpp.html]
[filebox.ece.vt.edu/_ECE3574/project/starter-html/parse__tests_8cpp.html]
[filebox.ece.vt.edu/_ECE3574/project/starter-html/atom_8cpp__incl.png]
[filebox.ece.vt.edu/_ECE3574/project/starter-html/atom_8cpp.html]
[filebox.ece.vt.edu/_ECE3574/project/starter-html/expression_8hpp__incl.png]
[filebox.ece.vt.edu/_ECE3574/project/starter-html/expression_8hpp.html]
[filebox.ece.vt.edu/_ECE3574/project/starter-html/expression_8hpp__dep__incl.png]
[filebox.ece.vt.edu/_ECE3574/project/starter-html/semantic__error_8hpp_source.html]
[filebox.ece.vt.edu/_ECE3574/project/starter-html/expression_8cpp__incl.png]
[filebox.ece.vt.edu/_ECE3574/project/starter-html/expression_8cpp.html]
[filebox.ece.vt.edu/_ECE3574/project/starter-html/semantic__error_8hpp.html]
[filebox.ece.vt.edu/_ECE3574/project/starter-html/token_8hpp__incl.png]
[filebox.ece.vt.edu/_ECE3574/project/starter-html/token_8hpp__dep__incl.png]
[filebox.ece.vt.edu/_ECE3574/project/starter-html/token__tests_8cpp.html]
[filebox.ece.vt.edu/_ECE3574/project/starter-html/token_8hpp.html]
[filebox.ece.vt.edu/_ECE3574/project/starter-html/token_8cpp__incl.png]
[filebox.ece.vt.edu/_ECE3574/project/starter-html/token_8cpp.html]
[filebox.ece.vt.edu/_ECE3574/project/starter-html/parse_8hpp__incl.png]
[filebox.ece.vt.edu/_ECE3574/project/starter-html/parse_8hpp__dep__incl.png]
[filebox.ece.vt.edu/_ECE3574/project/starter-html/parse_8hpp.html]
[filebox.ece.vt.edu/_ECE3574/project/starter-html/parse_8hpp_source.html]
[filebox.ece.vt.edu/_ECE3574/project/starter-html/parse_8cpp__incl.png]
[filebox.ece.vt.edu/_ECE3574/project/starter-html/parse_8cpp.html]
[filebox.ece.vt.edu/_ECE3574/project/starter-html/environment_8hpp__incl.png]
[filebox.ece.vt.edu/_ECE3574/project/starter-html/environment_8hpp__dep__incl.png]
[filebox.ece.vt.edu/_ECE3574/project/starter-html/environment_8hpp.html]
[filebox.ece.vt.edu/_ECE3574/project/starter-html/environment_8cpp__incl.png]
[filebox.ece.vt.edu/_ECE3574/project/starter-html/environment_8cpp.html]
[filebox.ece.vt.edu/_ECE3574/project/starter-html/class_interpreter-members.html]
[filebox.ece.vt.edu/_ECE3574/project/starter-html/interpreter_8hpp_source.html]
[filebox.ece.vt.edu/_ECE3574/project/starter-html/class_interpreter.html]
[filebox.ece.vt.edu/_ECE3574/project/starter-html/class_semantic_error.html]
[filebox.ece.vt.edu/_ECE3574/project/starter-html/interpreter_8hpp__incl.png]
[filebox.ece.vt.edu/_ECE3574/project/starter-html/interpreter_8hpp__dep__incl.png]
[filebox.ece.vt.edu/_ECE3574/project/starter-html/interpreter_8hpp.html]
[filebox.ece.vt.edu/_ECE3574/project/starter-html/interpreter_8cpp__incl.png]
[filebox.ece.vt.edu/_ECE3574/project/starter-html/interpreter_8cpp.html]
[filebox.ece.vt.edu/_ECE3574/project/starter-html/interpreter__tests_8cpp__incl.png]
[filebox.ece.vt.edu/_ECE3574/project/starter-html/interpreter__tests_8cpp.html]
[filebox.ece.vt.edu/_ECE3574/project/starter-html/class_token-members.html]
[filebox.ece.vt.edu/_ECE3574/project/starter-html/token_8hpp_source.html]
[filebox.ece.vt.edu/_ECE3574/project/starter-html/class_atom-members.html]
[filebox.ece.vt.edu/_ECE3574/project/starter-html/atom_8hpp_source.html]
[filebox.ece.vt.edu/_ECE3574/project/starter-html/class_expression-members.html]
[filebox.ece.vt.edu/_ECE3574/project/starter-html/expression_8hpp_source.html]
[filebox.ece.vt.edu/_ECE3574/project/starter-html/class_environment-members.html]
[filebox.ece.vt.edu/_ECE3574/project/starter-html/environment_8hpp_source.html]
[filebox.ece.vt.edu/_ECE3574/project/starter-html/atom__tests_8cpp__incl.png]
[filebox.ece.vt.edu/_ECE3574/project/starter-html/atom__tests_8cpp.html]
[filebox.ece.vt.edu/_ECE3574/project/starter-html/environment__tests_8cpp__incl.png]
[filebox.ece.vt.edu/_ECE3574/project/starter-html/environment__tests_8cpp.html]
[filebox.ece.vt.edu/_ECE3574/project/starter-html/plotscript_8cpp__incl.png]
[filebox.ece.vt.edu/_ECE3574/project/starter-html/plotscript_8cpp.html]
[filebox.ece.vt.edu/_ECE3574/project/starter-html/expression__tests_8cpp__incl.png]
[filebox.ece.vt.edu/_ECE3574/project/starter-html/expression__tests_8cpp.html]
[filebox.ece.vt.edu/_ECE3574/project/starter-html/parse__tests_8cpp__incl.png]
[filebox.ece.vt.edu/_ECE3574/project/starter-html/parse__tests_8cpp.html]
[filebox.ece.vt.edu/_ECE3574/project/starter-html/semantic__error_8hpp_source.html]
[filebox.ece.vt.edu/_ECE3574/project/starter-html/semantic__error_8hpp__incl.png]
[filebox.ece.vt.edu/_ECE3574/project/starter-html/semantic__error_8hpp.html]
[filebox.ece.vt.edu/_ECE3574/project/starter-html/semantic__error_8hpp__dep__incl.png]
[filebox.ece.vt.edu/_ECE3574/project/starter-html/token__tests_8cpp__incl.png]
[filebox.ece.vt.edu/_ECE3574/project/starter-html/token__tests_8cpp.html]
[filebox.ece.vt.edu/_ECE3574/project/starter-html/parse_8hpp_source.html]
[filebox.ece.vt.edu/_ECE3574/project/starter-html/class_interpreter-members.html]
[filebox.ece.vt.edu/_ECE3574/project/starter-html/interpreter_8hpp_source.html]
[filebox.ece.vt.edu/_ECE3574/project/starter-html/class_semantic_error-members.html]
[filebox.ece.vt.edu/_ECE3574/project/starter-html/class_semantic_error__inherit__graph.png]
[filebox.ece.vt.edu/_ECE3574/project/starter-html/graph_legend.html]
[filebox.ece.vt.edu/_ECE3574/project/starter-html/class_semantic_error__coll__graph.png]
[filebox.ece.vt.edu/_ECE3574/project/starter-html/class_semantic_error.html]
[filebox.ece.vt.edu/_ECE3574/project/starter-html/class_semantic_error-members.html]
[filebox.ece.vt.edu/_ECE3574/project/starter-html/graph_legend.png]
[filebox.ece.vt.edu/_ECE3574/project/starter-html/graph_legend.html]
