Partition Merge report for XGA_Text
Wed Apr 17 23:52:23 2019
Quartus Prime Version 17.0.0 Build 595 04/25/2017 SJ Lite Edition


---------------------
; Table of Contents ;
---------------------
  1. Legal Notice
  2. Partition Merge Summary
  3. Partition Merge Netlist Types Used
  4. Connections to In-System Debugging Instance "auto_signaltap_0"
  5. Partition Merge Partition Statistics
  6. Partition Merge Partition Pin Processing
  7. Partition Merge Resource Usage Summary
  8. Partition Merge RAM Summary
  9. Partition Merge DSP Block Usage Summary
 10. Partition Merge Messages



----------------
; Legal Notice ;
----------------
Copyright (C) 2017  Intel Corporation. All rights reserved.
Your use of Intel Corporation's design tools, logic functions 
and other software and tools, and its AMPP partner logic 
functions, and any output files from any of the foregoing 
(including device programming or simulation files), and any 
associated documentation or information are expressly subject 
to the terms and conditions of the Intel Program License 
Subscription Agreement, the Intel Quartus Prime License Agreement,
the Intel MegaCore Function License Agreement, or other 
applicable license agreement, including, without limitation, 
that your use is for the sole purpose of programming logic 
devices manufactured by Intel and sold by Intel or its 
authorized distributors.  Please refer to the applicable 
agreement for further details.



+-------------------------------------------------------------------------------+
; Partition Merge Summary                                                       ;
+---------------------------------+---------------------------------------------+
; Partition Merge Status          ; Successful - Wed Apr 17 23:52:23 2019       ;
; Quartus Prime Version           ; 17.0.0 Build 595 04/25/2017 SJ Lite Edition ;
; Revision Name                   ; XGA_Text                                    ;
; Top-level Entity Name           ; XGA_Text                                    ;
; Family                          ; Cyclone V                                   ;
; Logic utilization (in ALMs)     ; N/A                                         ;
; Total registers                 ; 900                                         ;
; Total pins                      ; 54                                          ;
; Total virtual pins              ; 0                                           ;
; Total block memory bits         ; 721,792                                     ;
; Total DSP Blocks                ; 1                                           ;
; Total HSSI RX PCSs              ; 0                                           ;
; Total HSSI PMA RX Deserializers ; 0                                           ;
; Total HSSI TX PCSs              ; 0                                           ;
; Total HSSI PMA TX Serializers   ; 0                                           ;
; Total PLLs                      ; 1                                           ;
; Total DLLs                      ; 0                                           ;
+---------------------------------+---------------------------------------------+


+-------------------------------------------------------------------------------------------------------------------------------+
; Partition Merge Netlist Types Used                                                                                            ;
+--------------------------------+----------------+-------------------+------------------------+--------------------------------+
; Partition Name                 ; Partition Type ; Netlist Type Used ; Netlist Type Requested ; Partition Contents             ;
+--------------------------------+----------------+-------------------+------------------------+--------------------------------+
; Top                            ; User-created   ; Source File       ; Source File            ;                                ;
; sld_hub:auto_hub               ; Auto-generated ; Post-Synthesis    ; Post-Synthesis         ; sld_hub:auto_hub               ;
; sld_signaltap:auto_signaltap_0 ; Auto-generated ; Post-Synthesis    ; Post-Synthesis         ; sld_signaltap:auto_signaltap_0 ;
; hard_block:auto_generated_inst ; Auto-generated ; Source File       ; Source File            ; hard_block:auto_generated_inst ;
+--------------------------------+----------------+-------------------+------------------------+--------------------------------+


+----------------------------------------------------------------------------------------------------------------------------------------------------------------------------------------------------------------------------------------------------------------------------+
; Connections to In-System Debugging Instance "auto_signaltap_0"                                                                                                                                                                                                             ;
+--------------------------------------------------------------------------------------------+---------------+-----------+--------------------------------+-------------------+------------------------------------------------------------------------------------+---------+
; Name                                                                                       ; Type          ; Status    ; Partition Name                 ; Netlist Type Used ; Actual Connection                                                                  ; Details ;
+--------------------------------------------------------------------------------------------+---------------+-----------+--------------------------------+-------------------+------------------------------------------------------------------------------------+---------+
; screen_buf:buffer|c_in[0]                                                                  ; pre-synthesis ; connected ; Top                            ; post-synthesis    ; fill_buf:text_gen|c_out[0]~2                                                       ; N/A     ;
; screen_buf:buffer|c_in[0]                                                                  ; pre-synthesis ; connected ; Top                            ; post-synthesis    ; fill_buf:text_gen|c_out[0]~2                                                       ; N/A     ;
; screen_buf:buffer|c_in[1]                                                                  ; pre-synthesis ; connected ; Top                            ; post-synthesis    ; fill_buf:text_gen|c_out[1]~3                                                       ; N/A     ;
; screen_buf:buffer|c_in[1]                                                                  ; pre-synthesis ; connected ; Top                            ; post-synthesis    ; fill_buf:text_gen|c_out[1]~3                                                       ; N/A     ;
; screen_buf:buffer|c_in[2]                                                                  ; pre-synthesis ; connected ; Top                            ; post-synthesis    ; fill_buf:text_gen|c_out[2]~4                                                       ; N/A     ;
; screen_buf:buffer|c_in[2]                                                                  ; pre-synthesis ; connected ; Top                            ; post-synthesis    ; fill_buf:text_gen|c_out[2]~4                                                       ; N/A     ;
; screen_buf:buffer|c_in[3]                                                                  ; pre-synthesis ; connected ; Top                            ; post-synthesis    ; fill_buf:text_gen|c_out[3]~5                                                       ; N/A     ;
; screen_buf:buffer|c_in[3]                                                                  ; pre-synthesis ; connected ; Top                            ; post-synthesis    ; fill_buf:text_gen|c_out[3]~5                                                       ; N/A     ;
; screen_buf:buffer|c_in[4]                                                                  ; pre-synthesis ; connected ; Top                            ; post-synthesis    ; fill_buf:text_gen|c_out[4]~6                                                       ; N/A     ;
; screen_buf:buffer|c_in[4]                                                                  ; pre-synthesis ; connected ; Top                            ; post-synthesis    ; fill_buf:text_gen|c_out[4]~6                                                       ; N/A     ;
; screen_buf:buffer|c_in[5]                                                                  ; pre-synthesis ; connected ; Top                            ; post-synthesis    ; fill_buf:text_gen|c_out[5]~7                                                       ; N/A     ;
; screen_buf:buffer|c_in[5]                                                                  ; pre-synthesis ; connected ; Top                            ; post-synthesis    ; fill_buf:text_gen|c_out[5]~7                                                       ; N/A     ;
; screen_buf:buffer|c_in[6]                                                                  ; pre-synthesis ; connected ; Top                            ; post-synthesis    ; fill_buf:text_gen|c_out[6]~8                                                       ; N/A     ;
; screen_buf:buffer|c_in[6]                                                                  ; pre-synthesis ; connected ; Top                            ; post-synthesis    ; fill_buf:text_gen|c_out[6]~8                                                       ; N/A     ;
; screen_buf:buffer|c_in[7]                                                                  ; pre-synthesis ; connected ; Top                            ; post-synthesis    ; fill_buf:text_gen|c_out[7]~9                                                       ; N/A     ;
; screen_buf:buffer|c_in[7]                                                                  ; pre-synthesis ; connected ; Top                            ; post-synthesis    ; fill_buf:text_gen|c_out[7]~9                                                       ; N/A     ;
; screen_buf:buffer|x_w[0]                                                                   ; pre-synthesis ; connected ; Top                            ; post-synthesis    ; fill_buf:text_gen|x[0]                                                             ; N/A     ;
; screen_buf:buffer|x_w[0]                                                                   ; pre-synthesis ; connected ; Top                            ; post-synthesis    ; fill_buf:text_gen|x[0]                                                             ; N/A     ;
; screen_buf:buffer|x_w[1]                                                                   ; pre-synthesis ; connected ; Top                            ; post-synthesis    ; fill_buf:text_gen|x[1]                                                             ; N/A     ;
; screen_buf:buffer|x_w[1]                                                                   ; pre-synthesis ; connected ; Top                            ; post-synthesis    ; fill_buf:text_gen|x[1]                                                             ; N/A     ;
; screen_buf:buffer|x_w[2]                                                                   ; pre-synthesis ; connected ; Top                            ; post-synthesis    ; fill_buf:text_gen|x[2]                                                             ; N/A     ;
; screen_buf:buffer|x_w[2]                                                                   ; pre-synthesis ; connected ; Top                            ; post-synthesis    ; fill_buf:text_gen|x[2]                                                             ; N/A     ;
; screen_buf:buffer|x_w[3]                                                                   ; pre-synthesis ; connected ; Top                            ; post-synthesis    ; fill_buf:text_gen|x[3]                                                             ; N/A     ;
; screen_buf:buffer|x_w[3]                                                                   ; pre-synthesis ; connected ; Top                            ; post-synthesis    ; fill_buf:text_gen|x[3]                                                             ; N/A     ;
; screen_buf:buffer|x_w[4]                                                                   ; pre-synthesis ; connected ; Top                            ; post-synthesis    ; fill_buf:text_gen|x[4]                                                             ; N/A     ;
; screen_buf:buffer|x_w[4]                                                                   ; pre-synthesis ; connected ; Top                            ; post-synthesis    ; fill_buf:text_gen|x[4]                                                             ; N/A     ;
; screen_buf:buffer|x_w[5]                                                                   ; pre-synthesis ; connected ; Top                            ; post-synthesis    ; fill_buf:text_gen|x[5]                                                             ; N/A     ;
; screen_buf:buffer|x_w[5]                                                                   ; pre-synthesis ; connected ; Top                            ; post-synthesis    ; fill_buf:text_gen|x[5]                                                             ; N/A     ;
; screen_buf:buffer|x_w[6]                                                                   ; pre-synthesis ; connected ; Top                            ; post-synthesis    ; fill_buf:text_gen|x[6]                                                             ; N/A     ;
; screen_buf:buffer|x_w[6]                                                                   ; pre-synthesis ; connected ; Top                            ; post-synthesis    ; fill_buf:text_gen|x[6]                                                             ; N/A     ;
; screen_buf:buffer|y_w[0]                                                                   ; pre-synthesis ; connected ; Top                            ; post-synthesis    ; fill_buf:text_gen|y[0]                                                             ; N/A     ;
; screen_buf:buffer|y_w[0]                                                                   ; pre-synthesis ; connected ; Top                            ; post-synthesis    ; fill_buf:text_gen|y[0]                                                             ; N/A     ;
; screen_buf:buffer|y_w[1]                                                                   ; pre-synthesis ; connected ; Top                            ; post-synthesis    ; fill_buf:text_gen|y[1]                                                             ; N/A     ;
; screen_buf:buffer|y_w[1]                                                                   ; pre-synthesis ; connected ; Top                            ; post-synthesis    ; fill_buf:text_gen|y[1]                                                             ; N/A     ;
; screen_buf:buffer|y_w[2]                                                                   ; pre-synthesis ; connected ; Top                            ; post-synthesis    ; fill_buf:text_gen|y[2]                                                             ; N/A     ;
; screen_buf:buffer|y_w[2]                                                                   ; pre-synthesis ; connected ; Top                            ; post-synthesis    ; fill_buf:text_gen|y[2]                                                             ; N/A     ;
; screen_buf:buffer|y_w[3]                                                                   ; pre-synthesis ; connected ; Top                            ; post-synthesis    ; fill_buf:text_gen|y[3]                                                             ; N/A     ;
; screen_buf:buffer|y_w[3]                                                                   ; pre-synthesis ; connected ; Top                            ; post-synthesis    ; fill_buf:text_gen|y[3]                                                             ; N/A     ;
; screen_buf:buffer|y_w[4]                                                                   ; pre-synthesis ; connected ; Top                            ; post-synthesis    ; fill_buf:text_gen|y[4]                                                             ; N/A     ;
; screen_buf:buffer|y_w[4]                                                                   ; pre-synthesis ; connected ; Top                            ; post-synthesis    ; fill_buf:text_gen|y[4]                                                             ; N/A     ;
; screen_buf:buffer|y_w[5]                                                                   ; pre-synthesis ; connected ; Top                            ; post-synthesis    ; fill_buf:text_gen|y[5]                                                             ; N/A     ;
; screen_buf:buffer|y_w[5]                                                                   ; pre-synthesis ; connected ; Top                            ; post-synthesis    ; fill_buf:text_gen|y[5]                                                             ; N/A     ;
; text_refresh                                                                               ; pre-synthesis ; connected ; Top                            ; post-synthesis    ; text_refresh                                                                       ; N/A     ;
; text_refresh                                                                               ; pre-synthesis ; connected ; Top                            ; post-synthesis    ; text_refresh                                                                       ; N/A     ;
; altpll_75:pll|altpll_75_0002:altpll_75_inst|altera_pll:altera_pll_i|outclk_wire[0]~CLKENA0 ; post-fitting  ; connected ; Top                            ; post-synthesis    ; altpll_75:pll|altpll_75_0002:altpll_75_inst|altera_pll:altera_pll_i|outclk_wire[0] ; N/A     ;
; auto_signaltap_0|gnd                                                                       ; post-fitting  ; connected ; sld_signaltap:auto_signaltap_0 ; post-synthesis    ; sld_signaltap:auto_signaltap_0|~GND                                                ; N/A     ;
; auto_signaltap_0|gnd                                                                       ; post-fitting  ; connected ; sld_signaltap:auto_signaltap_0 ; post-synthesis    ; sld_signaltap:auto_signaltap_0|~GND                                                ; N/A     ;
; auto_signaltap_0|gnd                                                                       ; post-fitting  ; connected ; sld_signaltap:auto_signaltap_0 ; post-synthesis    ; sld_signaltap:auto_signaltap_0|~GND                                                ; N/A     ;
; auto_signaltap_0|gnd                                                                       ; post-fitting  ; connected ; sld_signaltap:auto_signaltap_0 ; post-synthesis    ; sld_signaltap:auto_signaltap_0|~GND                                                ; N/A     ;
; auto_signaltap_0|gnd                                                                       ; post-fitting  ; connected ; sld_signaltap:auto_signaltap_0 ; post-synthesis    ; sld_signaltap:auto_signaltap_0|~GND                                                ; N/A     ;
; auto_signaltap_0|gnd                                                                       ; post-fitting  ; connected ; sld_signaltap:auto_signaltap_0 ; post-synthesis    ; sld_signaltap:auto_signaltap_0|~GND                                                ; N/A     ;
; auto_signaltap_0|gnd                                                                       ; post-fitting  ; connected ; sld_signaltap:auto_signaltap_0 ; post-synthesis    ; sld_signaltap:auto_signaltap_0|~GND                                                ; N/A     ;
; auto_signaltap_0|gnd                                                                       ; post-fitting  ; connected ; sld_signaltap:auto_signaltap_0 ; post-synthesis    ; sld_signaltap:auto_signaltap_0|~GND                                                ; N/A     ;
; auto_signaltap_0|gnd                                                                       ; post-fitting  ; connected ; sld_signaltap:auto_signaltap_0 ; post-synthesis    ; sld_signaltap:auto_signaltap_0|~GND                                                ; N/A     ;
; auto_signaltap_0|gnd                                                                       ; post-fitting  ; connected ; sld_signaltap:auto_signaltap_0 ; post-synthesis    ; sld_signaltap:auto_signaltap_0|~GND                                                ; N/A     ;
; auto_signaltap_0|gnd                                                                       ; post-fitting  ; connected ; sld_signaltap:auto_signaltap_0 ; post-synthesis    ; sld_signaltap:auto_signaltap_0|~GND                                                ; N/A     ;
; auto_signaltap_0|gnd                                                                       ; post-fitting  ; connected ; sld_signaltap:auto_signaltap_0 ; post-synthesis    ; sld_signaltap:auto_signaltap_0|~GND                                                ; N/A     ;
; auto_signaltap_0|gnd                                                                       ; post-fitting  ; connected ; sld_signaltap:auto_signaltap_0 ; post-synthesis    ; sld_signaltap:auto_signaltap_0|~GND                                                ; N/A     ;
; auto_signaltap_0|vcc                                                                       ; post-fitting  ; connected ; sld_signaltap:auto_signaltap_0 ; post-synthesis    ; sld_signaltap:auto_signaltap_0|~VCC                                                ; N/A     ;
; auto_signaltap_0|vcc                                                                       ; post-fitting  ; connected ; sld_signaltap:auto_signaltap_0 ; post-synthesis    ; sld_signaltap:auto_signaltap_0|~VCC                                                ; N/A     ;
; auto_signaltap_0|vcc                                                                       ; post-fitting  ; connected ; sld_signaltap:auto_signaltap_0 ; post-synthesis    ; sld_signaltap:auto_signaltap_0|~VCC                                                ; N/A     ;
; auto_signaltap_0|vcc                                                                       ; post-fitting  ; connected ; sld_signaltap:auto_signaltap_0 ; post-synthesis    ; sld_signaltap:auto_signaltap_0|~VCC                                                ; N/A     ;
; auto_signaltap_0|vcc                                                                       ; post-fitting  ; connected ; sld_signaltap:auto_signaltap_0 ; post-synthesis    ; sld_signaltap:auto_signaltap_0|~VCC                                                ; N/A     ;
; auto_signaltap_0|vcc                                                                       ; post-fitting  ; connected ; sld_signaltap:auto_signaltap_0 ; post-synthesis    ; sld_signaltap:auto_signaltap_0|~VCC                                                ; N/A     ;
; auto_signaltap_0|vcc                                                                       ; post-fitting  ; connected ; sld_signaltap:auto_signaltap_0 ; post-synthesis    ; sld_signaltap:auto_signaltap_0|~VCC                                                ; N/A     ;
; auto_signaltap_0|vcc                                                                       ; post-fitting  ; connected ; sld_signaltap:auto_signaltap_0 ; post-synthesis    ; sld_signaltap:auto_signaltap_0|~VCC                                                ; N/A     ;
; auto_signaltap_0|vcc                                                                       ; post-fitting  ; connected ; sld_signaltap:auto_signaltap_0 ; post-synthesis    ; sld_signaltap:auto_signaltap_0|~VCC                                                ; N/A     ;
; auto_signaltap_0|vcc                                                                       ; post-fitting  ; connected ; sld_signaltap:auto_signaltap_0 ; post-synthesis    ; sld_signaltap:auto_signaltap_0|~VCC                                                ; N/A     ;
; auto_signaltap_0|vcc                                                                       ; post-fitting  ; connected ; sld_signaltap:auto_signaltap_0 ; post-synthesis    ; sld_signaltap:auto_signaltap_0|~VCC                                                ; N/A     ;
; auto_signaltap_0|vcc                                                                       ; post-fitting  ; connected ; sld_signaltap:auto_signaltap_0 ; post-synthesis    ; sld_signaltap:auto_signaltap_0|~VCC                                                ; N/A     ;
; auto_signaltap_0|vcc                                                                       ; post-fitting  ; connected ; sld_signaltap:auto_signaltap_0 ; post-synthesis    ; sld_signaltap:auto_signaltap_0|~VCC                                                ; N/A     ;
; auto_signaltap_0|vcc                                                                       ; post-fitting  ; connected ; sld_signaltap:auto_signaltap_0 ; post-synthesis    ; sld_signaltap:auto_signaltap_0|~VCC                                                ; N/A     ;
; auto_signaltap_0|vcc                                                                       ; post-fitting  ; connected ; sld_signaltap:auto_signaltap_0 ; post-synthesis    ; sld_signaltap:auto_signaltap_0|~VCC                                                ; N/A     ;
; auto_signaltap_0|vcc                                                                       ; post-fitting  ; connected ; sld_signaltap:auto_signaltap_0 ; post-synthesis    ; sld_signaltap:auto_signaltap_0|~VCC                                                ; N/A     ;
; auto_signaltap_0|vcc                                                                       ; post-fitting  ; connected ; sld_signaltap:auto_signaltap_0 ; post-synthesis    ; sld_signaltap:auto_signaltap_0|~VCC                                                ; N/A     ;
; auto_signaltap_0|vcc                                                                       ; post-fitting  ; connected ; sld_signaltap:auto_signaltap_0 ; post-synthesis    ; sld_signaltap:auto_signaltap_0|~VCC                                                ; N/A     ;
; auto_signaltap_0|vcc                                                                       ; post-fitting  ; connected ; sld_signaltap:auto_signaltap_0 ; post-synthesis    ; sld_signaltap:auto_signaltap_0|~VCC                                                ; N/A     ;
+--------------------------------------------------------------------------------------------+---------------+-----------+--------------------------------+-------------------+------------------------------------------------------------------------------------+---------+


+-----------------------------------------------------------------------------------------------------------------------------------------+
; Partition Merge Partition Statistics                                                                                                    ;
+---------------------------------------------+------+------------------+--------------------------------+--------------------------------+
; Statistic                                   ; Top  ; sld_hub:auto_hub ; sld_signaltap:auto_signaltap_0 ; hard_block:auto_generated_inst ;
+---------------------------------------------+------+------------------+--------------------------------+--------------------------------+
; Estimate of Logic utilization (ALMs needed) ; 281  ; 60               ; 380                            ; 0                              ;
;                                             ;      ;                  ;                                ;                                ;
; Combinational ALUT usage for logic          ; 559  ; 91               ; 313                            ; 0                              ;
;     -- 7 input functions                    ; 50   ; 0                ; 0                              ; 0                              ;
;     -- 6 input functions                    ; 274  ; 12               ; 75                             ; 0                              ;
;     -- 5 input functions                    ; 50   ; 25               ; 69                             ; 0                              ;
;     -- 4 input functions                    ; 41   ; 17               ; 23                             ; 0                              ;
;     -- <=3 input functions                  ; 144  ; 37               ; 146                            ; 0                              ;
; Memory ALUT usage                           ; 0    ; 0                ; 0                              ; 0                              ;
;     -- 64-address deep                      ; 0    ; 0                ; 0                              ; 0                              ;
;     -- 32-address deep                      ; 0    ; 0                ; 0                              ; 0                              ;
;                                             ;      ;                  ;                                ;                                ;
; Dedicated logic registers                   ; 118  ; 91               ; 691                            ; 0                              ;
;                                             ;      ;                  ;                                ;                                ;
;                                             ;      ;                  ;                                ;                                ;
; I/O pins                                    ; 50   ; 0                ; 0                              ; 4                              ;
; I/O registers                               ; 0    ; 0                ; 0                              ; 0                              ;
; Total block memory bits                     ; 896  ; 0                ; 720896                         ; 0                              ;
; Total block memory implementation bits      ; 0    ; 0                ; 0                              ; 0                              ;
; JTAG                                        ; 0    ; 0                ; 0                              ; 1                              ;
; DSP block                                   ; 1    ; 0                ; 0                              ; 0                              ;
;                                             ;      ;                  ;                                ;                                ;
; Connections                                 ;      ;                  ;                                ;                                ;
;     -- Input Connections                    ; 152  ; 134              ; 1273                           ; 1                              ;
;     -- Registered Input Connections         ; 127  ; 110              ; 772                            ; 0                              ;
;     -- Output Connections                   ; 44   ; 335              ; 34                             ; 1147                           ;
;     -- Registered Output Connections        ; 26   ; 335              ; 0                              ; 0                              ;
;                                             ;      ;                  ;                                ;                                ;
; Internal Connections                        ;      ;                  ;                                ;                                ;
;     -- Total Connections                    ; 3371 ; 983              ; 6456                           ; 1165                           ;
;     -- Registered Connections               ; 1450 ; 806              ; 4587                           ; 0                              ;
;                                             ;      ;                  ;                                ;                                ;
; External Connections                        ;      ;                  ;                                ;                                ;
;     -- Top                                  ; 0    ; 0                ; 44                             ; 152                            ;
;     -- sld_hub:auto_hub                     ; 0    ; 20               ; 326                            ; 123                            ;
;     -- sld_signaltap:auto_signaltap_0       ; 44   ; 326              ; 64                             ; 873                            ;
;     -- hard_block:auto_generated_inst       ; 152  ; 123              ; 873                            ; 0                              ;
;                                             ;      ;                  ;                                ;                                ;
; Partition Interface                         ;      ;                  ;                                ;                                ;
;     -- Input Ports                          ; 18   ; 45               ; 135                            ; 6                              ;
;     -- Output Ports                         ; 62   ; 62               ; 59                             ; 13                             ;
;     -- Bidir Ports                          ; 0    ; 0                ; 0                              ; 0                              ;
;                                             ;      ;                  ;                                ;                                ;
; Registered Ports                            ;      ;                  ;                                ;                                ;
;     -- Registered Input Ports               ; 0    ; 13               ; 50                             ; 0                              ;
;     -- Registered Output Ports              ; 0    ; 29               ; 45                             ; 0                              ;
;                                             ;      ;                  ;                                ;                                ;
; Port Connectivity                           ;      ;                  ;                                ;                                ;
;     -- Input Ports driven by GND            ; 0    ; 0                ; 13                             ; 0                              ;
;     -- Output Ports driven by GND           ; 0    ; 28               ; 2                              ; 0                              ;
;     -- Input Ports driven by VCC            ; 0    ; 0                ; 19                             ; 0                              ;
;     -- Output Ports driven by VCC           ; 0    ; 0                ; 1                              ; 0                              ;
;     -- Input Ports with no Source           ; 0    ; 25               ; 26                             ; 0                              ;
;     -- Output Ports with no Source          ; 0    ; 0                ; 0                              ; 0                              ;
;     -- Input Ports with no Fanout           ; 0    ; 30               ; 40                             ; 0                              ;
;     -- Output Ports with no Fanout          ; 0    ; 29               ; 47                             ; 0                              ;
+---------------------------------------------+------+------------------+--------------------------------+--------------------------------+
Note: Resource usage numbers presented for Partitions containing post-synthesis logic are estimates.  For Partitions containing post-fit logic, resource usage numbers are accurate based on previous placement information.  Actual Fitter results may vary depending on current Fitter Preservation Level assignments.


+----------------------------------------------------------------------------------------+
; Partition Merge Partition Pin Processing                                               ;
+-----------------------------------+-----------+---------------+----------+-------------+
; Name                              ; Partition ; Type          ; Location ; Status      ;
+-----------------------------------+-----------+---------------+----------+-------------+
; CLOCK_50                          ; Top       ; Input Port    ; n/a      ;             ;
;     -- CLOCK_50                   ; Top       ; Input Pad     ; Unplaced ; Synthesized ;
;     -- CLOCK_50~input             ; Top       ; Input Buffer  ; Unplaced ; Synthesized ;
;                                   ;           ;               ;          ;             ;
; KEY[0]                            ; Top       ; Input Port    ; n/a      ;             ;
;     -- KEY[0]                     ; Top       ; Input Pad     ; Unplaced ; Synthesized ;
;     -- KEY[0]~input               ; Top       ; Input Buffer  ; Unplaced ; Synthesized ;
;                                   ;           ;               ;          ;             ;
; KEY[1]                            ; Top       ; Input Port    ; n/a      ;             ;
;     -- KEY[1]                     ; Top       ; Input Pad     ; Unplaced ; Synthesized ;
;     -- KEY[1]~input               ; Top       ; Input Buffer  ; Unplaced ; Synthesized ;
;                                   ;           ;               ;          ;             ;
; KEY[2]                            ; Top       ; Input Port    ; n/a      ;             ;
;     -- KEY[2]                     ; Top       ; Input Pad     ; Unplaced ; Synthesized ;
;     -- KEY[2]~input               ; Top       ; Input Buffer  ; Unplaced ; Synthesized ;
;                                   ;           ;               ;          ;             ;
; KEY[3]                            ; Top       ; Input Port    ; n/a      ;             ;
;     -- KEY[3]                     ; Top       ; Input Pad     ; Unplaced ; Synthesized ;
;     -- KEY[3]~input               ; Top       ; Input Buffer  ; Unplaced ; Synthesized ;
;                                   ;           ;               ;          ;             ;
; LEDR[0]                           ; Top       ; Output Port   ; n/a      ;             ;
;     -- LEDR[0]                    ; Top       ; Output Pad    ; Unplaced ; Synthesized ;
;     -- LEDR[0]~output             ; Top       ; Output Buffer ; Unplaced ; Synthesized ;
;                                   ;           ;               ;          ;             ;
; LEDR[1]                           ; Top       ; Output Port   ; n/a      ;             ;
;     -- LEDR[1]                    ; Top       ; Output Pad    ; Unplaced ; Synthesized ;
;     -- LEDR[1]~output             ; Top       ; Output Buffer ; Unplaced ; Synthesized ;
;                                   ;           ;               ;          ;             ;
; LEDR[2]                           ; Top       ; Output Port   ; n/a      ;             ;
;     -- LEDR[2]                    ; Top       ; Output Pad    ; Unplaced ; Synthesized ;
;     -- LEDR[2]~output             ; Top       ; Output Buffer ; Unplaced ; Synthesized ;
;                                   ;           ;               ;          ;             ;
; LEDR[3]                           ; Top       ; Output Port   ; n/a      ;             ;
;     -- LEDR[3]                    ; Top       ; Output Pad    ; Unplaced ; Synthesized ;
;     -- LEDR[3]~output             ; Top       ; Output Buffer ; Unplaced ; Synthesized ;
;                                   ;           ;               ;          ;             ;
; LEDR[4]                           ; Top       ; Output Port   ; n/a      ;             ;
;     -- LEDR[4]                    ; Top       ; Output Pad    ; Unplaced ; Synthesized ;
;     -- LEDR[4]~output             ; Top       ; Output Buffer ; Unplaced ; Synthesized ;
;                                   ;           ;               ;          ;             ;
; LEDR[5]                           ; Top       ; Output Port   ; n/a      ;             ;
;     -- LEDR[5]                    ; Top       ; Output Pad    ; Unplaced ; Synthesized ;
;     -- LEDR[5]~output             ; Top       ; Output Buffer ; Unplaced ; Synthesized ;
;                                   ;           ;               ;          ;             ;
; LEDR[6]                           ; Top       ; Output Port   ; n/a      ;             ;
;     -- LEDR[6]                    ; Top       ; Output Pad    ; Unplaced ; Synthesized ;
;     -- LEDR[6]~output             ; Top       ; Output Buffer ; Unplaced ; Synthesized ;
;                                   ;           ;               ;          ;             ;
; LEDR[7]                           ; Top       ; Output Port   ; n/a      ;             ;
;     -- LEDR[7]                    ; Top       ; Output Pad    ; Unplaced ; Synthesized ;
;     -- LEDR[7]~output             ; Top       ; Output Buffer ; Unplaced ; Synthesized ;
;                                   ;           ;               ;          ;             ;
; LEDR[8]                           ; Top       ; Output Port   ; n/a      ;             ;
;     -- LEDR[8]                    ; Top       ; Output Pad    ; Unplaced ; Synthesized ;
;     -- LEDR[8]~output             ; Top       ; Output Buffer ; Unplaced ; Synthesized ;
;                                   ;           ;               ;          ;             ;
; LEDR[9]                           ; Top       ; Output Port   ; n/a      ;             ;
;     -- LEDR[9]                    ; Top       ; Output Pad    ; Unplaced ; Synthesized ;
;     -- LEDR[9]~output             ; Top       ; Output Buffer ; Unplaced ; Synthesized ;
;                                   ;           ;               ;          ;             ;
; SW[0]                             ; Top       ; Input Port    ; n/a      ;             ;
;     -- SW[0]                      ; Top       ; Input Pad     ; Unplaced ; Synthesized ;
;     -- SW[0]~input                ; Top       ; Input Buffer  ; Unplaced ; Synthesized ;
;                                   ;           ;               ;          ;             ;
; SW[1]                             ; Top       ; Input Port    ; n/a      ;             ;
;     -- SW[1]                      ; Top       ; Input Pad     ; Unplaced ; Synthesized ;
;     -- SW[1]~input                ; Top       ; Input Buffer  ; Unplaced ; Synthesized ;
;                                   ;           ;               ;          ;             ;
; SW[2]                             ; Top       ; Input Port    ; n/a      ;             ;
;     -- SW[2]                      ; Top       ; Input Pad     ; Unplaced ; Synthesized ;
;     -- SW[2]~input                ; Top       ; Input Buffer  ; Unplaced ; Synthesized ;
;                                   ;           ;               ;          ;             ;
; SW[3]                             ; Top       ; Input Port    ; n/a      ;             ;
;     -- SW[3]                      ; Top       ; Input Pad     ; Unplaced ; Synthesized ;
;     -- SW[3]~input                ; Top       ; Input Buffer  ; Unplaced ; Synthesized ;
;                                   ;           ;               ;          ;             ;
; SW[4]                             ; Top       ; Input Port    ; n/a      ;             ;
;     -- SW[4]                      ; Top       ; Input Pad     ; Unplaced ; Synthesized ;
;     -- SW[4]~input                ; Top       ; Input Buffer  ; Unplaced ; Synthesized ;
;                                   ;           ;               ;          ;             ;
; SW[5]                             ; Top       ; Input Port    ; n/a      ;             ;
;     -- SW[5]                      ; Top       ; Input Pad     ; Unplaced ; Synthesized ;
;     -- SW[5]~input                ; Top       ; Input Buffer  ; Unplaced ; Synthesized ;
;                                   ;           ;               ;          ;             ;
; SW[6]                             ; Top       ; Input Port    ; n/a      ;             ;
;     -- SW[6]                      ; Top       ; Input Pad     ; Unplaced ; Synthesized ;
;     -- SW[6]~input                ; Top       ; Input Buffer  ; Unplaced ; Synthesized ;
;                                   ;           ;               ;          ;             ;
; SW[7]                             ; Top       ; Input Port    ; n/a      ;             ;
;     -- SW[7]                      ; Top       ; Input Pad     ; Unplaced ; Synthesized ;
;     -- SW[7]~input                ; Top       ; Input Buffer  ; Unplaced ; Synthesized ;
;                                   ;           ;               ;          ;             ;
; SW[8]                             ; Top       ; Input Port    ; n/a      ;             ;
;     -- SW[8]                      ; Top       ; Input Pad     ; Unplaced ; Synthesized ;
;     -- SW[8]~input                ; Top       ; Input Buffer  ; Unplaced ; Synthesized ;
;                                   ;           ;               ;          ;             ;
; SW[9]                             ; Top       ; Input Port    ; n/a      ;             ;
;     -- SW[9]                      ; Top       ; Input Pad     ; Unplaced ; Synthesized ;
;     -- SW[9]~input                ; Top       ; Input Buffer  ; Unplaced ; Synthesized ;
;                                   ;           ;               ;          ;             ;
; VGA_BLANK_N                       ; Top       ; Output Port   ; n/a      ;             ;
;     -- VGA_BLANK_N                ; Top       ; Output Pad    ; Unplaced ; Synthesized ;
;     -- VGA_BLANK_N~output         ; Top       ; Output Buffer ; Unplaced ; Synthesized ;
;                                   ;           ;               ;          ;             ;
; VGA_B[0]                          ; Top       ; Output Port   ; n/a      ;             ;
;     -- VGA_B[0]                   ; Top       ; Output Pad    ; Unplaced ; Synthesized ;
;     -- VGA_B[0]~output            ; Top       ; Output Buffer ; Unplaced ; Synthesized ;
;                                   ;           ;               ;          ;             ;
; VGA_B[1]                          ; Top       ; Output Port   ; n/a      ;             ;
;     -- VGA_B[1]                   ; Top       ; Output Pad    ; Unplaced ; Synthesized ;
;     -- VGA_B[1]~output            ; Top       ; Output Buffer ; Unplaced ; Synthesized ;
;                                   ;           ;               ;          ;             ;
; VGA_B[2]                          ; Top       ; Output Port   ; n/a      ;             ;
;     -- VGA_B[2]                   ; Top       ; Output Pad    ; Unplaced ; Synthesized ;
;     -- VGA_B[2]~output            ; Top       ; Output Buffer ; Unplaced ; Synthesized ;
;                                   ;           ;               ;          ;             ;
; VGA_B[3]                          ; Top       ; Output Port   ; n/a      ;             ;
;     -- VGA_B[3]                   ; Top       ; Output Pad    ; Unplaced ; Synthesized ;
;     -- VGA_B[3]~output            ; Top       ; Output Buffer ; Unplaced ; Synthesized ;
;                                   ;           ;               ;          ;             ;
; VGA_B[4]                          ; Top       ; Output Port   ; n/a      ;             ;
;     -- VGA_B[4]                   ; Top       ; Output Pad    ; Unplaced ; Synthesized ;
;     -- VGA_B[4]~output            ; Top       ; Output Buffer ; Unplaced ; Synthesized ;
;                                   ;           ;               ;          ;             ;
; VGA_B[5]                          ; Top       ; Output Port   ; n/a      ;             ;
;     -- VGA_B[5]                   ; Top       ; Output Pad    ; Unplaced ; Synthesized ;
;     -- VGA_B[5]~output            ; Top       ; Output Buffer ; Unplaced ; Synthesized ;
;                                   ;           ;               ;          ;             ;
; VGA_B[6]                          ; Top       ; Output Port   ; n/a      ;             ;
;     -- VGA_B[6]                   ; Top       ; Output Pad    ; Unplaced ; Synthesized ;
;     -- VGA_B[6]~output            ; Top       ; Output Buffer ; Unplaced ; Synthesized ;
;                                   ;           ;               ;          ;             ;
; VGA_B[7]                          ; Top       ; Output Port   ; n/a      ;             ;
;     -- VGA_B[7]                   ; Top       ; Output Pad    ; Unplaced ; Synthesized ;
;     -- VGA_B[7]~output            ; Top       ; Output Buffer ; Unplaced ; Synthesized ;
;                                   ;           ;               ;          ;             ;
; VGA_CLK                           ; Top       ; Output Port   ; n/a      ;             ;
;     -- VGA_CLK                    ; Top       ; Output Pad    ; Unplaced ; Synthesized ;
;     -- VGA_CLK~output             ; Top       ; Output Buffer ; Unplaced ; Synthesized ;
;                                   ;           ;               ;          ;             ;
; VGA_G[0]                          ; Top       ; Output Port   ; n/a      ;             ;
;     -- VGA_G[0]                   ; Top       ; Output Pad    ; Unplaced ; Synthesized ;
;     -- VGA_G[0]~output            ; Top       ; Output Buffer ; Unplaced ; Synthesized ;
;                                   ;           ;               ;          ;             ;
; VGA_G[1]                          ; Top       ; Output Port   ; n/a      ;             ;
;     -- VGA_G[1]                   ; Top       ; Output Pad    ; Unplaced ; Synthesized ;
;     -- VGA_G[1]~output            ; Top       ; Output Buffer ; Unplaced ; Synthesized ;
;                                   ;           ;               ;          ;             ;
; VGA_G[2]                          ; Top       ; Output Port   ; n/a      ;             ;
;     -- VGA_G[2]                   ; Top       ; Output Pad    ; Unplaced ; Synthesized ;
;     -- VGA_G[2]~output            ; Top       ; Output Buffer ; Unplaced ; Synthesized ;
;                                   ;           ;               ;          ;             ;
; VGA_G[3]                          ; Top       ; Output Port   ; n/a      ;             ;
;     -- VGA_G[3]                   ; Top       ; Output Pad    ; Unplaced ; Synthesized ;
;     -- VGA_G[3]~output            ; Top       ; Output Buffer ; Unplaced ; Synthesized ;
;                                   ;           ;               ;          ;             ;
; VGA_G[4]                          ; Top       ; Output Port   ; n/a      ;             ;
;     -- VGA_G[4]                   ; Top       ; Output Pad    ; Unplaced ; Synthesized ;
;     -- VGA_G[4]~output            ; Top       ; Output Buffer ; Unplaced ; Synthesized ;
;                                   ;           ;               ;          ;             ;
; VGA_G[5]                          ; Top       ; Output Port   ; n/a      ;             ;
;     -- VGA_G[5]                   ; Top       ; Output Pad    ; Unplaced ; Synthesized ;
;     -- VGA_G[5]~output            ; Top       ; Output Buffer ; Unplaced ; Synthesized ;
;                                   ;           ;               ;          ;             ;
; VGA_G[6]                          ; Top       ; Output Port   ; n/a      ;             ;
;     -- VGA_G[6]                   ; Top       ; Output Pad    ; Unplaced ; Synthesized ;
;     -- VGA_G[6]~output            ; Top       ; Output Buffer ; Unplaced ; Synthesized ;
;                                   ;           ;               ;          ;             ;
; VGA_G[7]                          ; Top       ; Output Port   ; n/a      ;             ;
;     -- VGA_G[7]                   ; Top       ; Output Pad    ; Unplaced ; Synthesized ;
;     -- VGA_G[7]~output            ; Top       ; Output Buffer ; Unplaced ; Synthesized ;
;                                   ;           ;               ;          ;             ;
; VGA_HS                            ; Top       ; Output Port   ; n/a      ;             ;
;     -- VGA_HS                     ; Top       ; Output Pad    ; Unplaced ; Synthesized ;
;     -- VGA_HS~output              ; Top       ; Output Buffer ; Unplaced ; Synthesized ;
;                                   ;           ;               ;          ;             ;
; VGA_R[0]                          ; Top       ; Output Port   ; n/a      ;             ;
;     -- VGA_R[0]                   ; Top       ; Output Pad    ; Unplaced ; Synthesized ;
;     -- VGA_R[0]~output            ; Top       ; Output Buffer ; Unplaced ; Synthesized ;
;                                   ;           ;               ;          ;             ;
; VGA_R[1]                          ; Top       ; Output Port   ; n/a      ;             ;
;     -- VGA_R[1]                   ; Top       ; Output Pad    ; Unplaced ; Synthesized ;
;     -- VGA_R[1]~output            ; Top       ; Output Buffer ; Unplaced ; Synthesized ;
;                                   ;           ;               ;          ;             ;
; VGA_R[2]                          ; Top       ; Output Port   ; n/a      ;             ;
;     -- VGA_R[2]                   ; Top       ; Output Pad    ; Unplaced ; Synthesized ;
;     -- VGA_R[2]~output            ; Top       ; Output Buffer ; Unplaced ; Synthesized ;
;                                   ;           ;               ;          ;             ;
; VGA_R[3]                          ; Top       ; Output Port   ; n/a      ;             ;
;     -- VGA_R[3]                   ; Top       ; Output Pad    ; Unplaced ; Synthesized ;
;     -- VGA_R[3]~output            ; Top       ; Output Buffer ; Unplaced ; Synthesized ;
;                                   ;           ;               ;          ;             ;
; VGA_R[4]                          ; Top       ; Output Port   ; n/a      ;             ;
;     -- VGA_R[4]                   ; Top       ; Output Pad    ; Unplaced ; Synthesized ;
;     -- VGA_R[4]~output            ; Top       ; Output Buffer ; Unplaced ; Synthesized ;
;                                   ;           ;               ;          ;             ;
; VGA_R[5]                          ; Top       ; Output Port   ; n/a      ;             ;
;     -- VGA_R[5]                   ; Top       ; Output Pad    ; Unplaced ; Synthesized ;
;     -- VGA_R[5]~output            ; Top       ; Output Buffer ; Unplaced ; Synthesized ;
;                                   ;           ;               ;          ;             ;
; VGA_R[6]                          ; Top       ; Output Port   ; n/a      ;             ;
;     -- VGA_R[6]                   ; Top       ; Output Pad    ; Unplaced ; Synthesized ;
;     -- VGA_R[6]~output            ; Top       ; Output Buffer ; Unplaced ; Synthesized ;
;                                   ;           ;               ;          ;             ;
; VGA_R[7]                          ; Top       ; Output Port   ; n/a      ;             ;
;     -- VGA_R[7]                   ; Top       ; Output Pad    ; Unplaced ; Synthesized ;
;     -- VGA_R[7]~output            ; Top       ; Output Buffer ; Unplaced ; Synthesized ;
;                                   ;           ;               ;          ;             ;
; VGA_SYNC_N                        ; Top       ; Output Port   ; n/a      ;             ;
;     -- VGA_SYNC_N                 ; Top       ; Output Pad    ; Unplaced ; Synthesized ;
;     -- VGA_SYNC_N~output          ; Top       ; Output Buffer ; Unplaced ; Synthesized ;
;                                   ;           ;               ;          ;             ;
; VGA_VS                            ; Top       ; Output Port   ; n/a      ;             ;
;     -- VGA_VS                     ; Top       ; Output Pad    ; Unplaced ; Synthesized ;
;     -- VGA_VS~output              ; Top       ; Output Buffer ; Unplaced ; Synthesized ;
;                                   ;           ;               ;          ;             ;
; altera_reserved_tck               ; Top       ; Input Port    ; n/a      ;             ;
;     -- altera_reserved_tck        ; Top       ; Input Pad     ; Unplaced ; Synthesized ;
;     -- altera_reserved_tck~input  ; Top       ; Input Buffer  ; Unplaced ; Synthesized ;
;                                   ;           ;               ;          ;             ;
; altera_reserved_tdi               ; Top       ; Input Port    ; n/a      ;             ;
;     -- altera_reserved_tdi        ; Top       ; Input Pad     ; Unplaced ; Synthesized ;
;     -- altera_reserved_tdi~input  ; Top       ; Input Buffer  ; Unplaced ; Synthesized ;
;                                   ;           ;               ;          ;             ;
; altera_reserved_tdo               ; Top       ; Output Port   ; n/a      ;             ;
;     -- altera_reserved_tdo        ; Top       ; Output Pad    ; Unplaced ; Synthesized ;
;     -- altera_reserved_tdo~output ; Top       ; Output Buffer ; Unplaced ; Synthesized ;
;                                   ;           ;               ;          ;             ;
; altera_reserved_tms               ; Top       ; Input Port    ; n/a      ;             ;
;     -- altera_reserved_tms        ; Top       ; Input Pad     ; Unplaced ; Synthesized ;
;     -- altera_reserved_tms~input  ; Top       ; Input Buffer  ; Unplaced ; Synthesized ;
;                                   ;           ;               ;          ;             ;
; pre_syn.bp.buffer_c_in_0_         ; Top       ; Output Port   ; n/a      ;             ;
;                                   ;           ;               ;          ;             ;
; pre_syn.bp.buffer_c_in_1_         ; Top       ; Output Port   ; n/a      ;             ;
;                                   ;           ;               ;          ;             ;
; pre_syn.bp.buffer_c_in_2_         ; Top       ; Output Port   ; n/a      ;             ;
;                                   ;           ;               ;          ;             ;
; pre_syn.bp.buffer_c_in_3_         ; Top       ; Output Port   ; n/a      ;             ;
;                                   ;           ;               ;          ;             ;
; pre_syn.bp.buffer_c_in_4_         ; Top       ; Output Port   ; n/a      ;             ;
;                                   ;           ;               ;          ;             ;
; pre_syn.bp.buffer_c_in_5_         ; Top       ; Output Port   ; n/a      ;             ;
;                                   ;           ;               ;          ;             ;
; pre_syn.bp.buffer_c_in_6_         ; Top       ; Output Port   ; n/a      ;             ;
;                                   ;           ;               ;          ;             ;
; pre_syn.bp.buffer_c_in_7_         ; Top       ; Output Port   ; n/a      ;             ;
;                                   ;           ;               ;          ;             ;
; pre_syn.bp.buffer_x_w_0_          ; Top       ; Output Port   ; n/a      ;             ;
;                                   ;           ;               ;          ;             ;
; pre_syn.bp.buffer_x_w_1_          ; Top       ; Output Port   ; n/a      ;             ;
;                                   ;           ;               ;          ;             ;
; pre_syn.bp.buffer_x_w_2_          ; Top       ; Output Port   ; n/a      ;             ;
;                                   ;           ;               ;          ;             ;
; pre_syn.bp.buffer_x_w_3_          ; Top       ; Output Port   ; n/a      ;             ;
;                                   ;           ;               ;          ;             ;
; pre_syn.bp.buffer_x_w_4_          ; Top       ; Output Port   ; n/a      ;             ;
;                                   ;           ;               ;          ;             ;
; pre_syn.bp.buffer_x_w_5_          ; Top       ; Output Port   ; n/a      ;             ;
;                                   ;           ;               ;          ;             ;
; pre_syn.bp.buffer_x_w_6_          ; Top       ; Output Port   ; n/a      ;             ;
;                                   ;           ;               ;          ;             ;
; pre_syn.bp.buffer_y_w_0_          ; Top       ; Output Port   ; n/a      ;             ;
;                                   ;           ;               ;          ;             ;
; pre_syn.bp.buffer_y_w_1_          ; Top       ; Output Port   ; n/a      ;             ;
;                                   ;           ;               ;          ;             ;
; pre_syn.bp.buffer_y_w_2_          ; Top       ; Output Port   ; n/a      ;             ;
;                                   ;           ;               ;          ;             ;
; pre_syn.bp.buffer_y_w_3_          ; Top       ; Output Port   ; n/a      ;             ;
;                                   ;           ;               ;          ;             ;
; pre_syn.bp.buffer_y_w_4_          ; Top       ; Output Port   ; n/a      ;             ;
;                                   ;           ;               ;          ;             ;
; pre_syn.bp.buffer_y_w_5_          ; Top       ; Output Port   ; n/a      ;             ;
;                                   ;           ;               ;          ;             ;
; pre_syn.bp.text_refresh           ; Top       ; Output Port   ; n/a      ;             ;
;                                   ;           ;               ;          ;             ;
+-----------------------------------+-----------+---------------+----------+-------------+


+----------------------------------------------------------------------------------------------------------------------------------+
; Partition Merge Resource Usage Summary                                                                                           ;
+---------------------------------------------+------------------------------------------------------------------------------------+
; Resource                                    ; Usage                                                                              ;
+---------------------------------------------+------------------------------------------------------------------------------------+
; Estimate of Logic utilization (ALMs needed) ; 769                                                                                ;
;                                             ;                                                                                    ;
; Combinational ALUT usage for logic          ; 963                                                                                ;
;     -- 7 input functions                    ; 50                                                                                 ;
;     -- 6 input functions                    ; 361                                                                                ;
;     -- 5 input functions                    ; 144                                                                                ;
;     -- 4 input functions                    ; 81                                                                                 ;
;     -- <=3 input functions                  ; 327                                                                                ;
;                                             ;                                                                                    ;
; Dedicated logic registers                   ; 900                                                                                ;
;                                             ;                                                                                    ;
; I/O pins                                    ; 54                                                                                 ;
; Total MLAB memory bits                      ; 0                                                                                  ;
; Total block memory bits                     ; 721792                                                                             ;
;                                             ;                                                                                    ;
; Total DSP Blocks                            ; 1                                                                                  ;
;                                             ;                                                                                    ;
; Total PLLs                                  ; 1                                                                                  ;
;     -- PLLs                                 ; 1                                                                                  ;
;                                             ;                                                                                    ;
; Maximum fan-out node                        ; altpll_75:pll|altpll_75_0002:altpll_75_inst|altera_pll:altera_pll_i|outclk_wire[0] ;
; Maximum fan-out                             ; 580                                                                                ;
; Total fan-out                               ; 10333                                                                              ;
; Average fan-out                             ; 4.97                                                                               ;
+---------------------------------------------+------------------------------------------------------------------------------------+


+-------------------------------------------------------------------------------------------------------------------------------------------------------------------------------------------------------------------------------------------------------------------------------------------------------------+
; Partition Merge RAM Summary                                                                                                                                                                                                                                                                                 ;
+-------------------------------------------------------------------------------------------------------------------------------------------------------------------------------------------------------+------+------------------+--------------+--------------+--------------+--------------+--------+------+
; Name                                                                                                                                                                                                  ; Type ; Mode             ; Port A Depth ; Port A Width ; Port B Depth ; Port B Width ; Size   ; MIF  ;
+-------------------------------------------------------------------------------------------------------------------------------------------------------------------------------------------------------+------+------------------+--------------+--------------+--------------+--------------+--------+------+
; screen_buf:buffer|dual_port_ram_sync:buf_a|altsyncram:ram_rtl_0|altsyncram_c1s1:auto_generated|ALTSYNCRAM                                                                                             ; AUTO ; True Dual Port   ; 8192         ; 8            ; 8192         ; 8            ; 65536  ; None ;
; sld_signaltap:auto_signaltap_0|sld_signaltap_impl:sld_signaltap_body|sld_signaltap_implb:sld_signaltap_body|altsyncram:\stp_non_zero_ram_gen:stp_buffer_ram|altsyncram_al84:auto_generated|ALTSYNCRAM ; AUTO ; Simple Dual Port ; 32768        ; 22           ; 32768        ; 22           ; 720896 ; None ;
+-------------------------------------------------------------------------------------------------------------------------------------------------------------------------------------------------------+------+------------------+--------------+--------------+--------------+--------------+--------+------+


+-----------------------------------------------+
; Partition Merge DSP Block Usage Summary       ;
+---------------------------------+-------------+
; Statistic                       ; Number Used ;
+---------------------------------+-------------+
; Independent 27x27               ; 1           ;
; Total number of DSP blocks      ; 1           ;
;                                 ;             ;
; Fixed Point Unsigned Multiplier ; 1           ;
+---------------------------------+-------------+


+--------------------------+
; Partition Merge Messages ;
+--------------------------+
Info: *******************************************************************
Info: Running Quartus Prime Partition Merge
    Info: Version 17.0.0 Build 595 04/25/2017 SJ Lite Edition
    Info: Processing started: Wed Apr 17 23:52:21 2019
Info: Command: quartus_cdb --read_settings_files=off --write_settings_files=off XGA_Text -c XGA_Text --merge=on
Warning (18236): Number of processors has not been specified which may cause overloading on shared machines.  Set the global assignment NUM_PARALLEL_PROCESSORS in your QSF to an appropriate value for best performance.
Info (35007): Using synthesis netlist for partition "Top"
Info (35007): Using synthesis netlist for partition "sld_hub:auto_hub"
Info (35007): Using synthesis netlist for partition "sld_signaltap:auto_signaltap_0"
Info (35024): Successfully connected in-system debug instance "auto_signaltap_0" to all 77 required data inputs, trigger inputs, acquisition clocks, and dynamic pins
Info (35002): Resolved and merged 3 partition(s)
Info (16010): Generating hard_block partition "hard_block:auto_generated_inst"
    Info (16011): Adding 18 node(s), including 0 DDIO, 1 PLL, 0 transceiver and 0 LCELL
Critical Warning (138067): Current license file does not support incremental compilation. The Quartus Prime software removes all the user-specified design partitions in the design automatically.
Warning (21074): Design contains 10 input pin(s) that do not drive logic
    Warning (15610): No output dependent on input pin "SW[0]" File: Z:/GitHub/ECE4514/homework-8-jacoblambda/XGA_Text/XGA_Text.v Line: 25
    Warning (15610): No output dependent on input pin "SW[1]" File: Z:/GitHub/ECE4514/homework-8-jacoblambda/XGA_Text/XGA_Text.v Line: 25
    Warning (15610): No output dependent on input pin "SW[2]" File: Z:/GitHub/ECE4514/homework-8-jacoblambda/XGA_Text/XGA_Text.v Line: 25
    Warning (15610): No output dependent on input pin "SW[3]" File: Z:/GitHub/ECE4514/homework-8-jacoblambda/XGA_Text/XGA_Text.v Line: 25
    Warning (15610): No output dependent on input pin "SW[4]" File: Z:/GitHub/ECE4514/homework-8-jacoblambda/XGA_Text/XGA_Text.v Line: 25
    Warning (15610): No output dependent on input pin "SW[5]" File: Z:/GitHub/ECE4514/homework-8-jacoblambda/XGA_Text/XGA_Text.v Line: 25
    Warning (15610): No output dependent on input pin "SW[6]" File: Z:/GitHub/ECE4514/homework-8-jacoblambda/XGA_Text/XGA_Text.v Line: 25
    Warning (15610): No output dependent on input pin "SW[7]" File: Z:/GitHub/ECE4514/homework-8-jacoblambda/XGA_Text/XGA_Text.v Line: 25
    Warning (15610): No output dependent on input pin "SW[8]" File: Z:/GitHub/ECE4514/homework-8-jacoblambda/XGA_Text/XGA_Text.v Line: 25
    Warning (15610): No output dependent on input pin "SW[9]" File: Z:/GitHub/ECE4514/homework-8-jacoblambda/XGA_Text/XGA_Text.v Line: 25
Info (21057): Implemented 1730 device resources after synthesis - the final resource count might be different
    Info (21058): Implemented 18 input pins
    Info (21059): Implemented 40 output pins
    Info (21061): Implemented 1574 logic cells
    Info (21064): Implemented 95 RAM segments
    Info (21065): Implemented 1 PLLs
    Info (21062): Implemented 1 DSP elements
Info: Quartus Prime Partition Merge was successful. 0 errors, 13 warnings
    Info: Peak virtual memory: 4803 megabytes
    Info: Processing ended: Wed Apr 17 23:52:23 2019
    Info: Elapsed time: 00:00:02
    Info: Total CPU time (on all processors): 00:00:02


