Analysis & Synthesis report for ECE3544project3a
Sun Nov 04 21:37:26 2018
Quartus Prime Version 17.0.0 Build 595 04/25/2017 SJ Lite Edition


---------------------
; Table of Contents ;
---------------------
  1. Legal Notice
  2. Analysis & Synthesis Summary
  3. Analysis & Synthesis Settings
  4. Parallel Compilation
  5. Analysis & Synthesis Source Files Read
  6. Analysis & Synthesis Resource Usage Summary
  7. Analysis & Synthesis Resource Utilization by Entity
  8. General Register Statistics
  9. Port Connectivity Checks: "proc7segdecoder:hex2"
 10. Port Connectivity Checks: "proc7segdecoder:hex1"
 11. Port Connectivity Checks: "proc7segdecoder:hex0"
 12. Port Connectivity Checks: "hc85:cmp"
 13. Post-Synthesis Netlist Statistics for Top Partition
 14. Elapsed Time Per Partition
 15. Analysis & Synthesis Messages
 16. Analysis & Synthesis Suppressed Messages



----------------
; Legal Notice ;
----------------
Copyright (C) 2017  Intel Corporation. All rights reserved.
Your use of Intel Corporation's design tools, logic functions 
and other software and tools, and its AMPP partner logic 
functions, and any output files from any of the foregoing 
(including device programming or simulation files), and any 
associated documentation or information are expressly subject 
to the terms and conditions of the Intel Program License 
Subscription Agreement, the Intel Quartus Prime License Agreement,
the Intel MegaCore Function License Agreement, or other 
applicable license agreement, including, without limitation, 
that your use is for the sole purpose of programming logic 
devices manufactured by Intel and sold by Intel or its 
authorized distributors.  Please refer to the applicable 
agreement for further details.



+-------------------------------------------------------------------------------+
; Analysis & Synthesis Summary                                                  ;
+---------------------------------+---------------------------------------------+
; Analysis & Synthesis Status     ; Successful - Sun Nov 04 21:37:26 2018       ;
; Quartus Prime Version           ; 17.0.0 Build 595 04/25/2017 SJ Lite Edition ;
; Revision Name                   ; ECE3544project3a                            ;
; Top-level Entity Name           ; ECE3544project3a                            ;
; Family                          ; Cyclone V                                   ;
; Logic utilization (in ALMs)     ; N/A                                         ;
; Total registers                 ; 0                                           ;
; Total pins                      ; 55                                          ;
; Total virtual pins              ; 0                                           ;
; Total block memory bits         ; 0                                           ;
; Total DSP Blocks                ; 0                                           ;
; Total HSSI RX PCSs              ; 0                                           ;
; Total HSSI PMA RX Deserializers ; 0                                           ;
; Total HSSI TX PCSs              ; 0                                           ;
; Total HSSI PMA TX Serializers   ; 0                                           ;
; Total PLLs                      ; 0                                           ;
; Total DLLs                      ; 0                                           ;
+---------------------------------+---------------------------------------------+


+---------------------------------------------------------------------------------------------------------------------------+
; Analysis & Synthesis Settings                                                                                             ;
+---------------------------------------------------------------------------------+--------------------+--------------------+
; Option                                                                          ; Setting            ; Default Value      ;
+---------------------------------------------------------------------------------+--------------------+--------------------+
; Device                                                                          ; 5CSEMA5F31C6       ;                    ;
; Top-level entity name                                                           ; ECE3544project3a   ; ECE3544project3a   ;
; Family name                                                                     ; Cyclone V          ; Cyclone V          ;
; Use smart compilation                                                           ; Off                ; Off                ;
; Enable parallel Assembler and TimeQuest Timing Analyzer during compilation      ; On                 ; On                 ;
; Enable compact report table                                                     ; Off                ; Off                ;
; Restructure Multiplexers                                                        ; Auto               ; Auto               ;
; MLAB Add Timing Constraints For Mixed-Port Feed-Through Mode Setting Don't Care ; Off                ; Off                ;
; Create Debugging Nodes for IP Cores                                             ; Off                ; Off                ;
; Preserve fewer node names                                                       ; On                 ; On                 ;
; OpenCore Plus hardware evaluation                                               ; Enable             ; Enable             ;
; Verilog Version                                                                 ; Verilog_2001       ; Verilog_2001       ;
; VHDL Version                                                                    ; VHDL_1993          ; VHDL_1993          ;
; State Machine Processing                                                        ; Auto               ; Auto               ;
; Safe State Machine                                                              ; Off                ; Off                ;
; Extract Verilog State Machines                                                  ; On                 ; On                 ;
; Extract VHDL State Machines                                                     ; On                 ; On                 ;
; Ignore Verilog initial constructs                                               ; Off                ; Off                ;
; Iteration limit for constant Verilog loops                                      ; 5000               ; 5000               ;
; Iteration limit for non-constant Verilog loops                                  ; 250                ; 250                ;
; Add Pass-Through Logic to Inferred RAMs                                         ; On                 ; On                 ;
; Infer RAMs from Raw Logic                                                       ; On                 ; On                 ;
; Parallel Synthesis                                                              ; On                 ; On                 ;
; DSP Block Balancing                                                             ; Auto               ; Auto               ;
; NOT Gate Push-Back                                                              ; On                 ; On                 ;
; Power-Up Don't Care                                                             ; On                 ; On                 ;
; Remove Redundant Logic Cells                                                    ; Off                ; Off                ;
; Remove Duplicate Registers                                                      ; On                 ; On                 ;
; Ignore CARRY Buffers                                                            ; Off                ; Off                ;
; Ignore CASCADE Buffers                                                          ; Off                ; Off                ;
; Ignore GLOBAL Buffers                                                           ; Off                ; Off                ;
; Ignore ROW GLOBAL Buffers                                                       ; Off                ; Off                ;
; Ignore LCELL Buffers                                                            ; Off                ; Off                ;
; Ignore SOFT Buffers                                                             ; On                 ; On                 ;
; Limit AHDL Integers to 32 Bits                                                  ; Off                ; Off                ;
; Optimization Technique                                                          ; Balanced           ; Balanced           ;
; Carry Chain Length                                                              ; 70                 ; 70                 ;
; Auto Carry Chains                                                               ; On                 ; On                 ;
; Auto Open-Drain Pins                                                            ; On                 ; On                 ;
; Perform WYSIWYG Primitive Resynthesis                                           ; Off                ; Off                ;
; Auto ROM Replacement                                                            ; On                 ; On                 ;
; Auto RAM Replacement                                                            ; On                 ; On                 ;
; Auto DSP Block Replacement                                                      ; On                 ; On                 ;
; Auto Shift Register Replacement                                                 ; Auto               ; Auto               ;
; Allow Shift Register Merging across Hierarchies                                 ; Auto               ; Auto               ;
; Auto Clock Enable Replacement                                                   ; On                 ; On                 ;
; Strict RAM Replacement                                                          ; Off                ; Off                ;
; Allow Synchronous Control Signals                                               ; On                 ; On                 ;
; Force Use of Synchronous Clear Signals                                          ; Off                ; Off                ;
; Auto Resource Sharing                                                           ; Off                ; Off                ;
; Allow Any RAM Size For Recognition                                              ; Off                ; Off                ;
; Allow Any ROM Size For Recognition                                              ; Off                ; Off                ;
; Allow Any Shift Register Size For Recognition                                   ; Off                ; Off                ;
; Use LogicLock Constraints during Resource Balancing                             ; On                 ; On                 ;
; Ignore translate_off and synthesis_off directives                               ; Off                ; Off                ;
; Timing-Driven Synthesis                                                         ; On                 ; On                 ;
; Report Parameter Settings                                                       ; On                 ; On                 ;
; Report Source Assignments                                                       ; On                 ; On                 ;
; Report Connectivity Checks                                                      ; On                 ; On                 ;
; Ignore Maximum Fan-Out Assignments                                              ; Off                ; Off                ;
; Synchronization Register Chain Length                                           ; 3                  ; 3                  ;
; PowerPlay Power Optimization During Synthesis                                   ; Normal compilation ; Normal compilation ;
; HDL message level                                                               ; Level2             ; Level2             ;
; Suppress Register Optimization Related Messages                                 ; Off                ; Off                ;
; Number of Removed Registers Reported in Synthesis Report                        ; 5000               ; 5000               ;
; Number of Swept Nodes Reported in Synthesis Report                              ; 5000               ; 5000               ;
; Number of Inverted Registers Reported in Synthesis Report                       ; 100                ; 100                ;
; Clock MUX Protection                                                            ; On                 ; On                 ;
; Auto Gated Clock Conversion                                                     ; Off                ; Off                ;
; Block Design Naming                                                             ; Auto               ; Auto               ;
; SDC constraint protection                                                       ; Off                ; Off                ;
; Synthesis Effort                                                                ; Auto               ; Auto               ;
; Shift Register Replacement - Allow Asynchronous Clear Signal                    ; On                 ; On                 ;
; Pre-Mapping Resynthesis Optimization                                            ; Off                ; Off                ;
; Analysis & Synthesis Message Level                                              ; Medium             ; Medium             ;
; Disable Register Merging Across Hierarchies                                     ; Auto               ; Auto               ;
; Resource Aware Inference For Block RAM                                          ; On                 ; On                 ;
; Automatic Parallel Synthesis                                                    ; On                 ; On                 ;
; Partial Reconfiguration Bitstream ID                                            ; Off                ; Off                ;
+---------------------------------------------------------------------------------+--------------------+--------------------+


+------------------------------------------+
; Parallel Compilation                     ;
+----------------------------+-------------+
; Processors                 ; Number      ;
+----------------------------+-------------+
; Number detected on machine ; 8           ;
; Maximum allowed            ; 4           ;
;                            ;             ;
; Average used               ; 1.00        ;
; Maximum used               ; 1           ;
;                            ;             ;
; Usage by Processor         ; % Time Used ;
;     Processor 1            ; 100.0%      ;
+----------------------------+-------------+


+-----------------------------------------------------------------------------------------------------------------------------------------------+
; Analysis & Synthesis Source Files Read                                                                                                        ;
+----------------------------------+-----------------+------------------------+-------------------------------------------------------+---------+
; File Name with User-Entered Path ; Used in Netlist ; File Type              ; File Name with Absolute Path                          ; Library ;
+----------------------------------+-----------------+------------------------+-------------------------------------------------------+---------+
; hc85.v                           ; yes             ; User Verilog HDL File  ; D:/GitHub/ECE3544/Project03A/P3A_0/hc85.v             ;         ;
; proc7segdecoder.v                ; yes             ; User Verilog HDL File  ; D:/GitHub/ECE3544/Project03A/P3A_0/proc7segdecoder.v  ;         ;
; ECE3544project3a.v               ; yes             ; User Verilog HDL File  ; D:/GitHub/ECE3544/Project03A/P3A_0/ECE3544project3a.v ;         ;
+----------------------------------+-----------------+------------------------+-------------------------------------------------------+---------+


+-----------------------------------------------------------+
; Analysis & Synthesis Resource Usage Summary               ;
+---------------------------------------------+-------------+
; Resource                                    ; Usage       ;
+---------------------------------------------+-------------+
; Estimate of Logic utilization (ALMs needed) ; 11          ;
;                                             ;             ;
; Combinational ALUT usage for logic          ; 20          ;
;     -- 7 input functions                    ; 0           ;
;     -- 6 input functions                    ; 2           ;
;     -- 5 input functions                    ; 2           ;
;     -- 4 input functions                    ; 16          ;
;     -- <=3 input functions                  ; 0           ;
;                                             ;             ;
; Dedicated logic registers                   ; 0           ;
;                                             ;             ;
; I/O pins                                    ; 55          ;
;                                             ;             ;
; Total DSP Blocks                            ; 0           ;
;                                             ;             ;
; Maximum fan-out node                        ; SW[0]~input ;
; Maximum fan-out                             ; 11          ;
; Total fan-out                               ; 177         ;
; Average fan-out                             ; 1.36        ;
+---------------------------------------------+-------------+


+----------------------------------------------------------------------------------------------------------------------------------------------------------------------------------------------------------------+
; Analysis & Synthesis Resource Utilization by Entity                                                                                                                                                            ;
+----------------------------+---------------------+---------------------------+-------------------+------------+------+--------------+----------------------------------------+------------------+--------------+
; Compilation Hierarchy Node ; Combinational ALUTs ; Dedicated Logic Registers ; Block Memory Bits ; DSP Blocks ; Pins ; Virtual Pins ; Full Hierarchy Name                    ; Entity Name      ; Library Name ;
+----------------------------+---------------------+---------------------------+-------------------+------------+------+--------------+----------------------------------------+------------------+--------------+
; |ECE3544project3a          ; 20 (0)              ; 0 (0)                     ; 0                 ; 0          ; 55   ; 0            ; |ECE3544project3a                      ; ECE3544project3a ; work         ;
;    |hc85:cmp|              ; 6 (6)               ; 0 (0)                     ; 0                 ; 0          ; 0    ; 0            ; |ECE3544project3a|hc85:cmp             ; hc85             ; work         ;
;    |proc7segdecoder:hex3|  ; 7 (7)               ; 0 (0)                     ; 0                 ; 0          ; 0    ; 0            ; |ECE3544project3a|proc7segdecoder:hex3 ; proc7segdecoder  ; work         ;
;    |proc7segdecoder:hex4|  ; 7 (7)               ; 0 (0)                     ; 0                 ; 0          ; 0    ; 0            ; |ECE3544project3a|proc7segdecoder:hex4 ; proc7segdecoder  ; work         ;
+----------------------------+---------------------+---------------------------+-------------------+------------+------+--------------+----------------------------------------+------------------+--------------+
Note: For table entries with two numbers listed, the numbers in parentheses indicate the number of resources of the given type used by the specific entity alone. The numbers listed outside of parentheses indicate the total resources of the given type used by the specific entity and all of its sub-entities in the hierarchy.


+------------------------------------------------------+
; General Register Statistics                          ;
+----------------------------------------------+-------+
; Statistic                                    ; Value ;
+----------------------------------------------+-------+
; Total registers                              ; 0     ;
; Number of registers using Synchronous Clear  ; 0     ;
; Number of registers using Synchronous Load   ; 0     ;
; Number of registers using Asynchronous Clear ; 0     ;
; Number of registers using Asynchronous Load  ; 0     ;
; Number of registers using Clock Enable       ; 0     ;
; Number of registers using Preset             ; 0     ;
+----------------------------------------------+-------+


+---------------------------------------------------+
; Port Connectivity Checks: "proc7segdecoder:hex2"  ;
+-----------------+-------+----------+--------------+
; Port            ; Type  ; Severity ; Details      ;
+-----------------+-------+----------+--------------+
; hex_digit[3..1] ; Input ; Info     ; Stuck at GND ;
+-----------------+-------+----------+--------------+


+---------------------------------------------------+
; Port Connectivity Checks: "proc7segdecoder:hex1"  ;
+-----------------+-------+----------+--------------+
; Port            ; Type  ; Severity ; Details      ;
+-----------------+-------+----------+--------------+
; hex_digit[3..1] ; Input ; Info     ; Stuck at GND ;
+-----------------+-------+----------+--------------+


+---------------------------------------------------+
; Port Connectivity Checks: "proc7segdecoder:hex0"  ;
+-----------------+-------+----------+--------------+
; Port            ; Type  ; Severity ; Details      ;
+-----------------+-------+----------+--------------+
; hex_digit[3..1] ; Input ; Info     ; Stuck at GND ;
+-----------------+-------+----------+--------------+


+-------------------------------------------+
; Port Connectivity Checks: "hc85:cmp"      ;
+---------+-------+----------+--------------+
; Port    ; Type  ; Severity ; Details      ;
+---------+-------+----------+--------------+
; ia_lt_b ; Input ; Info     ; Stuck at GND ;
; ia_eq_b ; Input ; Info     ; Stuck at VCC ;
; ia_gt_b ; Input ; Info     ; Stuck at GND ;
+---------+-------+----------+--------------+


+-----------------------------------------------------+
; Post-Synthesis Netlist Statistics for Top Partition ;
+-----------------------+-----------------------------+
; Type                  ; Count                       ;
+-----------------------+-----------------------------+
; arriav_lcell_comb     ; 24                          ;
;     normal            ; 24                          ;
;         0 data inputs ; 2                           ;
;         1 data inputs ; 2                           ;
;         4 data inputs ; 16                          ;
;         5 data inputs ; 2                           ;
;         6 data inputs ; 2                           ;
; boundary_port         ; 55                          ;
;                       ;                             ;
; Max LUT depth         ; 2.00                        ;
; Average LUT depth     ; 1.47                        ;
+-----------------------+-----------------------------+


+-------------------------------+
; Elapsed Time Per Partition    ;
+----------------+--------------+
; Partition Name ; Elapsed Time ;
+----------------+--------------+
; Top            ; 00:00:00     ;
+----------------+--------------+


+-------------------------------+
; Analysis & Synthesis Messages ;
+-------------------------------+
Info: *******************************************************************
Info: Running Quartus Prime Analysis & Synthesis
    Info: Version 17.0.0 Build 595 04/25/2017 SJ Lite Edition
    Info: Processing started: Sun Nov 04 21:37:13 2018
Info: Command: quartus_map --read_settings_files=on --write_settings_files=off ECE3544project3a -c ECE3544project3a
Warning (18236): Number of processors has not been specified which may cause overloading on shared machines.  Set the global assignment NUM_PARALLEL_PROCESSORS in your QSF to an appropriate value for best performance.
Info (20030): Parallel compilation is enabled and will use 4 of the 4 processors detected
Info (12021): Found 1 design units, including 1 entities, in source file hc85_tb.v
    Info (12023): Found entity 1: hc85_tb File: D:/GitHub/ECE3544/Project03A/P3A_0/hc85_tb.v Line: 13
Info (12021): Found 1 design units, including 1 entities, in source file proc7segdecoder_tb.v
    Info (12023): Found entity 1: prog7segdecoder_tb File: D:/GitHub/ECE3544/Project03A/P3A_0/proc7segdecoder_tb.v Line: 2
Info (12021): Found 1 design units, including 1 entities, in source file hc85.v
    Info (12023): Found entity 1: hc85 File: D:/GitHub/ECE3544/Project03A/P3A_0/hc85.v Line: 9
Info (12021): Found 1 design units, including 1 entities, in source file proc7segdecoder.v
    Info (12023): Found entity 1: proc7segdecoder File: D:/GitHub/ECE3544/Project03A/P3A_0/proc7segdecoder.v Line: 1
Info (12021): Found 1 design units, including 1 entities, in source file ece3544project3a.v
    Info (12023): Found entity 1: ECE3544project3a File: D:/GitHub/ECE3544/Project03A/P3A_0/ECE3544project3a.v Line: 16
Info (12021): Found 1 design units, including 1 entities, in source file tb_project3a.v
    Info (12023): Found entity 1: tb_project3a File: D:/GitHub/ECE3544/Project03A/P3A_0/tb_project3a.v Line: 10
Info (12021): Found 1 design units, including 1 entities, in source file project3atest.v
    Info (12023): Found entity 1: project3aTest File: D:/GitHub/ECE3544/Project03A/P3A_0/project3aTest.v Line: 12
Info (12127): Elaborating entity "ECE3544project3a" for the top level hierarchy
Info (12128): Elaborating entity "hc85" for hierarchy "hc85:cmp" File: D:/GitHub/ECE3544/Project03A/P3A_0/ECE3544project3a.v Line: 36
Info (12128): Elaborating entity "proc7segdecoder" for hierarchy "proc7segdecoder:hex0" File: D:/GitHub/ECE3544/Project03A/P3A_0/ECE3544project3a.v Line: 38
Warning (13024): Output pins are stuck at VCC or GND
    Warning (13410): Pin "HEX0[1]" is stuck at GND File: D:/GitHub/ECE3544/Project03A/P3A_0/ECE3544project3a.v Line: 19
    Warning (13410): Pin "HEX0[2]" is stuck at GND File: D:/GitHub/ECE3544/Project03A/P3A_0/ECE3544project3a.v Line: 19
    Warning (13410): Pin "HEX0[6]" is stuck at VCC File: D:/GitHub/ECE3544/Project03A/P3A_0/ECE3544project3a.v Line: 19
    Warning (13410): Pin "HEX1[1]" is stuck at GND File: D:/GitHub/ECE3544/Project03A/P3A_0/ECE3544project3a.v Line: 19
    Warning (13410): Pin "HEX1[2]" is stuck at GND File: D:/GitHub/ECE3544/Project03A/P3A_0/ECE3544project3a.v Line: 19
    Warning (13410): Pin "HEX1[6]" is stuck at VCC File: D:/GitHub/ECE3544/Project03A/P3A_0/ECE3544project3a.v Line: 19
    Warning (13410): Pin "HEX2[1]" is stuck at GND File: D:/GitHub/ECE3544/Project03A/P3A_0/ECE3544project3a.v Line: 19
    Warning (13410): Pin "HEX2[2]" is stuck at GND File: D:/GitHub/ECE3544/Project03A/P3A_0/ECE3544project3a.v Line: 19
    Warning (13410): Pin "HEX2[6]" is stuck at VCC File: D:/GitHub/ECE3544/Project03A/P3A_0/ECE3544project3a.v Line: 19
Info (286030): Timing-Driven Synthesis is running
Info (144001): Generated suppressed messages file D:/GitHub/ECE3544/Project03A/P3A_0/output_files/ECE3544project3a.map.smsg
Info (16010): Generating hard_block partition "hard_block:auto_generated_inst"
    Info (16011): Adding 0 node(s), including 0 DDIO, 0 PLL, 0 transceiver and 0 LCELL
Info (21057): Implemented 75 device resources after synthesis - the final resource count might be different
    Info (21058): Implemented 10 input pins
    Info (21059): Implemented 45 output pins
    Info (21061): Implemented 20 logic cells
Info: Quartus Prime Analysis & Synthesis was successful. 0 errors, 11 warnings
    Info: Peak virtual memory: 4840 megabytes
    Info: Processing ended: Sun Nov 04 21:37:26 2018
    Info: Elapsed time: 00:00:13
    Info: Total CPU time (on all processors): 00:00:30


+------------------------------------------+
; Analysis & Synthesis Suppressed Messages ;
+------------------------------------------+
The suppressed messages can be found in D:/GitHub/ECE3544/Project03A/P3A_0/output_files/ECE3544project3a.map.smsg.


