Flow report for ECE3544project3a
Sun Nov 04 21:39:18 2018
Quartus Prime Version 17.0.0 Build 595 04/25/2017 SJ Lite Edition


---------------------
; Table of Contents ;
---------------------
  1. Legal Notice
  2. Flow Summary
  3. Flow Settings
  4. Flow Non-Default Global Settings
  5. Flow Elapsed Time
  6. Flow OS Summary
  7. Flow Log
  8. Flow Messages
  9. Flow Suppressed Messages



----------------
; Legal Notice ;
----------------
Copyright (C) 2017  Intel Corporation. All rights reserved.
Your use of Intel Corporation's design tools, logic functions 
and other software and tools, and its AMPP partner logic 
functions, and any output files from any of the foregoing 
(including device programming or simulation files), and any 
associated documentation or information are expressly subject 
to the terms and conditions of the Intel Program License 
Subscription Agreement, the Intel Quartus Prime License Agreement,
the Intel MegaCore Function License Agreement, or other 
applicable license agreement, including, without limitation, 
that your use is for the sole purpose of programming logic 
devices manufactured by Intel and sold by Intel or its 
authorized distributors.  Please refer to the applicable 
agreement for further details.



+-------------------------------------------------------------------------------+
; Flow Summary                                                                  ;
+---------------------------------+---------------------------------------------+
; Flow Status                     ; Successful - Sun Nov 04 21:39:18 2018       ;
; Quartus Prime Version           ; 17.0.0 Build 595 04/25/2017 SJ Lite Edition ;
; Revision Name                   ; ECE3544project3a                            ;
; Top-level Entity Name           ; ECE3544project3a                            ;
; Family                          ; Cyclone V                                   ;
; Device                          ; 5CSEMA5F31C6                                ;
; Timing Models                   ; Final                                       ;
; Logic utilization (in ALMs)     ; 12 / 32,070 ( < 1 % )                       ;
; Total registers                 ; 0                                           ;
; Total pins                      ; 55 / 457 ( 12 % )                           ;
; Total virtual pins              ; 0                                           ;
; Total block memory bits         ; 0 / 4,065,280 ( 0 % )                       ;
; Total DSP Blocks                ; 0 / 87 ( 0 % )                              ;
; Total HSSI RX PCSs              ; 0                                           ;
; Total HSSI PMA RX Deserializers ; 0                                           ;
; Total HSSI TX PCSs              ; 0                                           ;
; Total HSSI PMA TX Serializers   ; 0                                           ;
; Total PLLs                      ; 0 / 6 ( 0 % )                               ;
; Total DLLs                      ; 0 / 4 ( 0 % )                               ;
+---------------------------------+---------------------------------------------+


+-----------------------------------------+
; Flow Settings                           ;
+-------------------+---------------------+
; Option            ; Setting             ;
+-------------------+---------------------+
; Start date & time ; 11/04/2018 21:37:14 ;
; Main task         ; Compilation         ;
; Revision Name     ; ECE3544project3a    ;
+-------------------+---------------------+


+----------------------------------------------------------------------------------------------------------------------------------+
; Flow Non-Default Global Settings                                                                                                 ;
+--------------------------------------+----------------------------------------+---------------+-------------+--------------------+
; Assignment Name                      ; Value                                  ; Default Value ; Entity Name ; Section Id         ;
+--------------------------------------+----------------------------------------+---------------+-------------+--------------------+
; COMPILER_SIGNATURE_ID                ; 88491860220832.154138543402304         ; --            ; --          ; --                 ;
; EDA_DESIGN_INSTANCE_NAME             ; NA                                     ; --            ; --          ; prog7segdecoder_tb ;
; EDA_DESIGN_INSTANCE_NAME             ; NA                                     ; --            ; --          ; hc85_tb            ;
; EDA_DESIGN_INSTANCE_NAME             ; NA                                     ; --            ; --          ; tb_project3a       ;
; EDA_NATIVELINK_SIMULATION_TEST_BENCH ; tb_project3a                           ; --            ; --          ; eda_simulation     ;
; EDA_OUTPUT_DATA_FORMAT               ; Verilog Hdl                            ; --            ; --          ; eda_simulation     ;
; EDA_SIMULATION_TOOL                  ; ModelSim-Altera (Verilog)              ; <None>        ; --          ; --                 ;
; EDA_TEST_BENCH_ENABLE_STATUS         ; TEST_BENCH_MODE                        ; --            ; --          ; eda_simulation     ;
; EDA_TEST_BENCH_FILE                  ; proc7segdecoder_tb.v                   ; --            ; --          ; prog7segdecoder_tb ;
; EDA_TEST_BENCH_FILE                  ; proc7segdecoder.v                      ; --            ; --          ; prog7segdecoder_tb ;
; EDA_TEST_BENCH_FILE                  ; hc85_tb.v                              ; --            ; --          ; hc85_tb            ;
; EDA_TEST_BENCH_FILE                  ; hc85.v                                 ; --            ; --          ; hc85_tb            ;
; EDA_TEST_BENCH_FILE                  ; tb_project3a.v                         ; --            ; --          ; tb_project3a       ;
; EDA_TEST_BENCH_FILE                  ; ECE3544project3a.v                     ; --            ; --          ; tb_project3a       ;
; EDA_TEST_BENCH_MODULE_NAME           ; prog7segdecoder_tb                     ; --            ; --          ; prog7segdecoder_tb ;
; EDA_TEST_BENCH_MODULE_NAME           ; hc85_tb                                ; --            ; --          ; hc85_tb            ;
; EDA_TEST_BENCH_MODULE_NAME           ; tb_project3a                           ; --            ; --          ; tb_project3a       ;
; EDA_TEST_BENCH_NAME                  ; prog7segdecoder_tb                     ; --            ; --          ; eda_simulation     ;
; EDA_TEST_BENCH_NAME                  ; hc85_tb                                ; --            ; --          ; eda_simulation     ;
; EDA_TEST_BENCH_NAME                  ; tb_project3a                           ; --            ; --          ; eda_simulation     ;
; EDA_TIME_SCALE                       ; 1 ps                                   ; --            ; --          ; eda_simulation     ;
; MAX_CORE_JUNCTION_TEMP               ; 85                                     ; --            ; --          ; --                 ;
; MIN_CORE_JUNCTION_TEMP               ; 0                                      ; --            ; --          ; --                 ;
; PARTITION_COLOR                      ; -- (Not supported for targeted family) ; --            ; --          ; Top                ;
; PARTITION_FITTER_PRESERVATION_LEVEL  ; -- (Not supported for targeted family) ; --            ; --          ; Top                ;
; PARTITION_NETLIST_TYPE               ; -- (Not supported for targeted family) ; --            ; --          ; Top                ;
; POWER_BOARD_THERMAL_MODEL            ; None (CONSERVATIVE)                    ; --            ; --          ; --                 ;
; POWER_PRESET_COOLING_SOLUTION        ; 23 MM HEAT SINK WITH 200 LFPM AIRFLOW  ; --            ; --          ; --                 ;
; PROJECT_OUTPUT_DIRECTORY             ; output_files                           ; --            ; --          ; --                 ;
+--------------------------------------+----------------------------------------+---------------+-------------+--------------------+


+-------------------------------------------------------------------------------------------------------------------------------+
; Flow Elapsed Time                                                                                                             ;
+---------------------------+--------------+-------------------------+---------------------+------------------------------------+
; Module Name               ; Elapsed Time ; Average Processors Used ; Peak Virtual Memory ; Total CPU Time (on all processors) ;
+---------------------------+--------------+-------------------------+---------------------+------------------------------------+
; Analysis & Synthesis      ; 00:00:13     ; 1.0                     ; 4840 MB             ; 00:00:30                           ;
; Fitter                    ; 00:00:38     ; 1.0                     ; 6605 MB             ; 00:01:12                           ;
; Assembler                 ; 00:00:08     ; 1.0                     ; 4846 MB             ; 00:00:08                           ;
; TimeQuest Timing Analyzer ; 00:00:07     ; 1.0                     ; 5127 MB             ; 00:00:06                           ;
; EDA Netlist Writer        ; 00:00:01     ; 1.0                     ; 4755 MB             ; 00:00:01                           ;
; Total                     ; 00:01:07     ; --                      ; --                  ; 00:01:57                           ;
+---------------------------+--------------+-------------------------+---------------------+------------------------------------+


+-----------------------------------------------------------------------------------------+
; Flow OS Summary                                                                         ;
+---------------------------+------------------+------------+------------+----------------+
; Module Name               ; Machine Hostname ; OS Name    ; OS Version ; Processor type ;
+---------------------------+------------------+------------+------------+----------------+
; Analysis & Synthesis      ; ALPHA-LAMBDA     ; Windows 10 ; 10.0       ; x86_64         ;
; Fitter                    ; ALPHA-LAMBDA     ; Windows 10 ; 10.0       ; x86_64         ;
; Assembler                 ; ALPHA-LAMBDA     ; Windows 10 ; 10.0       ; x86_64         ;
; TimeQuest Timing Analyzer ; ALPHA-LAMBDA     ; Windows 10 ; 10.0       ; x86_64         ;
; EDA Netlist Writer        ; ALPHA-LAMBDA     ; Windows 10 ; 10.0       ; x86_64         ;
+---------------------------+------------------+------------+------------+----------------+


------------
; Flow Log ;
------------
quartus_map --read_settings_files=on --write_settings_files=off ECE3544project3a -c ECE3544project3a
quartus_fit --read_settings_files=off --write_settings_files=off ECE3544project3a -c ECE3544project3a
quartus_asm --read_settings_files=off --write_settings_files=off ECE3544project3a -c ECE3544project3a
quartus_sta ECE3544project3a -c ECE3544project3a
quartus_eda --read_settings_files=off --write_settings_files=off ECE3544project3a -c ECE3544project3a



